[0.024s] Invoking command in '/home/p3zz/Documents/uni/robot-planning-project/build/shelfino': CMAKE_PREFIX_PATH=/home/p3zz/Documents/uni/robot-planning-project/install/shapes:/home/p3zz/Documents/uni/robot-planning-project/install/custom_msgs:/home/p3zz/Documents/uni/robot-planning-project/install/shelfino:/home/p3zz/Documents/uni/robot-planning-project/install/decisions:/home/p3zz/Documents/uni/robot-planning-project/install/map:/home/p3zz/Documents/uni/robot-planning-project/install/dubins:/home/p3zz/Documents/uni/robot-planning-project/install/utils:/opt/ros/humble /usr/bin/cmake --build /home/p3zz/Documents/uni/robot-planning-project/build/shelfino -- -j8 -l8
[0.076s] [35m[1mConsolidate compiler generated dependencies of target shelfino[0m
[0.104s] [ 50%] [32mBuilding CXX object CMakeFiles/shelfino.dir/src/main.cpp.o[0m
[4.666s] In file included from [01m[K/home/p3zz/Documents/uni/robot-planning-project/communication/shelfino/src/main.cpp:1[m[K:
[4.666s] [01m[K/home/p3zz/Documents/uni/robot-planning-project/communication/shelfino/include/shelfino/shelfino.hpp:286:38:[m[K [01;31m[Kerror: [m[Kâ€˜[01m[KString[m[Kâ€™ is not a member of â€˜[01m[Kstd_msgs::msg[m[Kâ€™
[4.666s]   286 |     rclcpp::Publisher<std_msgs::msg::[01;31m[KString[m[K>::SharedPtr publisher_;
[4.666s]       |                                      [01;31m[K^~~~~~[m[K
[4.666s] [01m[K/home/p3zz/Documents/uni/robot-planning-project/communication/shelfino/include/shelfino/shelfino.hpp:286:44:[m[K [01;31m[Kerror: [m[Ktemplate argument 1 is invalid
[4.667s]   286 |     rclcpp::Publisher<std_msgs::msg::String[01;31m[K>[m[K::SharedPtr publisher_;
[4.667s]       |                                            [01;31m[K^[m[K
[4.667s] [01m[K/home/p3zz/Documents/uni/robot-planning-project/communication/shelfino/include/shelfino/shelfino.hpp:286:47:[m[K [01;31m[Kerror: [m[Kexpected â€˜[01m[K;[m[Kâ€™ at end of member declaration
[4.667s]   286 |     rclcpp::Publisher<std_msgs::msg::String>::[01;31m[KSharedPtr[m[K publisher_;
[4.667s]       |                                               [01;31m[K^~~~~~~~~[m[K
[4.667s]       |                                                        [32m[K;[m[K
[4.670s] [01m[K/home/p3zz/Documents/uni/robot-planning-project/communication/shelfino/include/shelfino/shelfino.hpp:286:57:[m[K [01;31m[Kerror: [m[Kâ€˜[01m[Kpublisher_[m[Kâ€™ does not name a type; did you mean â€˜[01m[Krmw_publisher_t[m[Kâ€™?
[4.670s]   286 |     rclcpp::Publisher<std_msgs::msg::String>::SharedPtr [01;31m[Kpublisher_[m[K;
[4.670s]       |                                                         [01;31m[K^~~~~~~~~~[m[K
[4.670s]       |                                                         [32m[Krmw_publisher_t[m[K
[4.681s] [01m[K/home/p3zz/Documents/uni/robot-planning-project/communication/shelfino/include/shelfino/shelfino.hpp:[m[K In constructor â€˜[01m[KRoadmapPublisher::RoadmapPublisher(std::optional<RoadMap>&)[m[Kâ€™:
[4.681s] [01m[K/home/p3zz/Documents/uni/robot-planning-project/communication/shelfino/include/shelfino/shelfino.hpp:277:7:[m[K [01;31m[Kerror: [m[Kâ€˜[01m[Kpublisher_[m[Kâ€™ was not declared in this scope; did you mean â€˜[01m[Krmw_publisher_t[m[Kâ€™?
[4.681s]   277 |       [01;31m[Kpublisher_[m[K = this->create_publisher<std_msgs::msg::String>("roadmap", 10);
[4.682s]       |       [01;31m[K^~~~~~~~~~[m[K
[4.682s]       |       [32m[Krmw_publisher_t[m[K
[4.682s] [01m[K/home/p3zz/Documents/uni/robot-planning-project/communication/shelfino/include/shelfino/shelfino.hpp:277:58:[m[K [01;31m[Kerror: [m[Kâ€˜[01m[KString[m[Kâ€™ is not a member of â€˜[01m[Kstd_msgs::msg[m[Kâ€™
[4.682s]   277 |       publisher_ = this->create_publisher<std_msgs::msg::[01;31m[KString[m[K>("roadmap", 10);
[4.682s]       |                                                          [01;31m[K^~~~~~[m[K
[4.682s] [01m[K/home/p3zz/Documents/uni/robot-planning-project/communication/shelfino/include/shelfino/shelfino.hpp:277:65:[m[K [01;31m[Kerror: [m[Kno matching function for call to â€˜[01m[KRoadmapPublisher::create_publisher<<expression error> >(const char [8], int)[m[Kâ€™
[4.683s]   277 |       publisher_ = [01;31m[Kthis->create_publisher<std_msgs::msg::String>("roadmap", 10)[m[K;
[4.683s]       |                    [01;31m[K~~~~~~~~~~~~~~~~~~~~~~~~~~~~~~~~~~~~~~~~~~~~~^~~~~~~~~~~~~~~[m[K
[4.683s] In file included from [01m[K/opt/ros/humble/include/rclcpp/rclcpp/executors/single_threaded_executor.hpp:28[m[K,
[4.683s]                  from [01m[K/opt/ros/humble/include/rclcpp/rclcpp/executors.hpp:22[m[K,
[4.683s]                  from [01m[K/opt/ros/humble/include/rclcpp/rclcpp/rclcpp.hpp:155[m[K,
[4.683s]                  from [01m[K/home/p3zz/Documents/uni/robot-planning-project/communication/shelfino/include/shelfino/shelfino.hpp:8[m[K,
[4.683s]                  from [01m[K/home/p3zz/Documents/uni/robot-planning-project/communication/shelfino/src/main.cpp:1[m[K:
[4.683s] [01m[K/opt/ros/humble/include/rclcpp/rclcpp/node.hpp:195:3:[m[K [01;36m[Knote: [m[Kcandidate: â€˜[01m[Ktemplate<class MessageT, class AllocatorT, class PublisherT> std::shared_ptr<PublisherT> rclcpp::Node::create_publisher(const string&, const rclcpp::QoS&, const rclcpp::PublisherOptionsWithAllocator<AllocatorT>&)[m[Kâ€™
[4.684s]   195 |   [01;36m[Kcreate_publisher[m[K(
[4.684s]       |   [01;36m[K^~~~~~~~~~~~~~~~[m[K
[4.684s] [01m[K/opt/ros/humble/include/rclcpp/rclcpp/node.hpp:195:3:[m[K [01;36m[Knote: [m[K  template argument deduction/substitution failed:
[4.684s] In file included from [01m[K/home/p3zz/Documents/uni/robot-planning-project/communication/shelfino/src/main.cpp:1[m[K:
[4.684s] [01m[K/home/p3zz/Documents/uni/robot-planning-project/communication/shelfino/include/shelfino/shelfino.hpp:277:65:[m[K [01;31m[Kerror: [m[Ktemplate argument 1 is invalid
[4.684s]   277 |       publisher_ = [01;31m[Kthis->create_publisher<std_msgs::msg::String>("roadmap", 10)[m[K;
[4.684s]       |                    [01;31m[K~~~~~~~~~~~~~~~~~~~~~~~~~~~~~~~~~~~~~~~~~~~~~^~~~~~~~~~~~~~~[m[K
[4.684s] [01m[K/home/p3zz/Documents/uni/robot-planning-project/communication/shelfino/include/shelfino/shelfino.hpp:276:46:[m[K [01;35m[Kwarning: [m[Kunused parameter â€˜[01m[Kroadmap[m[Kâ€™ [[01;35m[K]8;;https://gcc.gnu.org/onlinedocs/gcc/Warning-Options.html#index-Wunused-parameter-Wunused-parameter]8;;[m[K]
[4.685s]   276 |     RoadmapPublisher([01;35m[Kstd::optional<RoadMap>& roadmap[m[K): Node("roadmap_publisher"), count_(0) {
[4.685s]       |                      [01;35m[K~~~~~~~~~~~~~~~~~~~~~~~~^~~~~~~[m[K
[4.706s] In file included from [01m[K/home/p3zz/Documents/uni/robot-planning-project/communication/shelfino/src/main.cpp:1[m[K:
[4.706s] [01m[K/home/p3zz/Documents/uni/robot-planning-project/communication/shelfino/include/shelfino/shelfino.hpp:[m[K In constructor â€˜[01m[KFollowPathClient::FollowPathClient(std::optional<RoadMap>&, std::optional<DubinCurve>&, std::optional<DubinPoint>&, std::optional<DubinPoint>&)[m[Kâ€™:
[4.706s] [01m[K/home/p3zz/Documents/uni/robot-planning-project/communication/shelfino/include/shelfino/shelfino.hpp:304:29:[m[K [01;35m[Kwarning: [m[Kâ€˜[01m[KFollowPathClient::map[m[Kâ€™ will be initialized after [[01;35m[K]8;;https://gcc.gnu.org/onlinedocs/gcc/Warning-Options.html#index-Wreorder-Wreorder]8;;[m[K]
[4.707s]   304 |     std::optional<RoadMap>& [01;35m[Kmap[m[K;
[4.707s]       |                             [01;35m[K^~~[m[K
[4.707s] [01m[K/home/p3zz/Documents/uni/robot-planning-project/communication/shelfino/include/shelfino/shelfino.hpp:303:32:[m[K [01;35m[Kwarning: [m[K  â€˜[01m[Kstd::optional<DubinCurve>& FollowPathClient::path[m[Kâ€™ [[01;35m[K]8;;https://gcc.gnu.org/onlinedocs/gcc/Warning-Options.html#index-Wreorder-Wreorder]8;;[m[K]
[4.707s]   303 |     std::optional<DubinCurve>& [01;35m[Kpath[m[K;
[4.707s]       |                                [01;35m[K^~~~[m[K
[4.707s] In file included from [01m[K/home/p3zz/Documents/uni/robot-planning-project/communication/shelfino/src/main.cpp:1[m[K:
[4.707s] [01m[K/home/p3zz/Documents/uni/robot-planning-project/communication/shelfino/include/shelfino/shelfino.hpp:295:5:[m[K [01;35m[Kwarning: [m[K  when initialized here [[01;35m[K]8;;https://gcc.gnu.org/onlinedocs/gcc/Warning-Options.html#index-Wreorder-Wreorder]8;;[m[K]
[4.707s]   295 |     [01;35m[KFollowPathClient[m[K(std::optional<RoadMap>& map, std::optional<DubinCurve>& path, std::optional<DubinPoint>& evader_pose, std::optional<DubinPoint>& pursuer_pose)
[4.707s]       |     [01;35m[K^~~~~~~~~~~~~~~~[m[K
[12.188s] gmake[2]: *** [CMakeFiles/shelfino.dir/build.make:76: CMakeFiles/shelfino.dir/src/main.cpp.o] Error 1
[12.189s] gmake[1]: *** [CMakeFiles/Makefile2:137: CMakeFiles/shelfino.dir/all] Error 2
[12.189s] gmake: *** [Makefile:146: all] Error 2
[12.191s] Invoked command in '/home/p3zz/Documents/uni/robot-planning-project/build/shelfino' returned '2': CMAKE_PREFIX_PATH=/home/p3zz/Documents/uni/robot-planning-project/install/shapes:/home/p3zz/Documents/uni/robot-planning-project/install/custom_msgs:/home/p3zz/Documents/uni/robot-planning-project/install/shelfino:/home/p3zz/Documents/uni/robot-planning-project/install/decisions:/home/p3zz/Documents/uni/robot-planning-project/install/map:/home/p3zz/Documents/uni/robot-planning-project/install/dubins:/home/p3zz/Documents/uni/robot-planning-project/install/utils:/opt/ros/humble /usr/bin/cmake --build /home/p3zz/Documents/uni/robot-planning-project/build/shelfino -- -j8 -l8
