[0.021s] Invoking command in '/home/p3zz/Documents/uni/robot-planning-project/build/shelfino': CMAKE_PREFIX_PATH=/home/p3zz/Documents/uni/robot-planning-project/install/shapes:/home/p3zz/Documents/uni/robot-planning-project/install/custom_msgs:/home/p3zz/Documents/uni/robot-planning-project/install/shelfino:/home/p3zz/Documents/uni/robot-planning-project/install/decisions:/home/p3zz/Documents/uni/robot-planning-project/install/map:/home/p3zz/Documents/uni/robot-planning-project/install/dubins:/home/p3zz/Documents/uni/robot-planning-project/install/utils:/opt/ros/humble /usr/bin/cmake --build /home/p3zz/Documents/uni/robot-planning-project/build/shelfino -- -j8 -l8
[0.050s] -- Found ament_cmake: 1.3.3 (/opt/ros/humble/share/ament_cmake/cmake)
[0.210s] -- Found rclcpp: 16.0.2 (/opt/ros/humble/share/rclcpp/cmake)
[0.250s] -- Found rosidl_generator_c: 3.1.4 (/opt/ros/humble/share/rosidl_generator_c/cmake)
[0.253s] -- Found rosidl_adapter: 3.1.4 (/opt/ros/humble/share/rosidl_adapter/cmake)
[0.260s] -- Found rosidl_generator_cpp: 3.1.4 (/opt/ros/humble/share/rosidl_generator_cpp/cmake)
[0.272s] -- Using all available rosidl_typesupport_c: rosidl_typesupport_fastrtps_c;rosidl_typesupport_introspection_c
[0.293s] -- Using all available rosidl_typesupport_cpp: rosidl_typesupport_fastrtps_cpp;rosidl_typesupport_introspection_cpp
[0.359s] -- Found rmw_implementation_cmake: 6.1.1 (/opt/ros/humble/share/rmw_implementation_cmake/cmake)
[0.360s] -- Found rmw_fastrtps_cpp: 6.2.2 (/opt/ros/humble/share/rmw_fastrtps_cpp/cmake)
[0.500s] -- Using RMW implementation 'rmw_fastrtps_cpp' as default
[0.711s] -- Found geometry_msgs: 4.2.2 (/opt/ros/humble/share/geometry_msgs/cmake)
[0.757s] -- Found custom_msgs: 0.1.2 (/home/p3zz/Documents/uni/robot-planning-project/install/custom_msgs/share/custom_msgs/cmake)
[0.840s] -- Found shapes: 0.0.0 (/home/p3zz/Documents/uni/robot-planning-project/install/shapes/share/shapes/cmake)
[0.841s] -- Found dubins: 0.0.0 (/home/p3zz/Documents/uni/robot-planning-project/install/dubins/share/dubins/cmake)
[0.841s] -- Found map: 0.0.0 (/home/p3zz/Documents/uni/robot-planning-project/install/map/share/map/cmake)
[0.842s] -- Found utils: 0.0.0 (/home/p3zz/Documents/uni/robot-planning-project/install/utils/share/utils/cmake)
[0.843s] -- Found tf2: 0.25.1 (/opt/ros/humble/share/tf2/cmake)
[0.852s] -- Found tf2_ros: 0.25.1 (/opt/ros/humble/share/tf2_ros/cmake)
[1.226s] -- Found nav2_msgs: 1.1.3 (/opt/ros/humble/share/nav2_msgs/cmake)
[1.572s] -- Found ament_lint_auto: 0.12.4 (/opt/ros/humble/share/ament_lint_auto/cmake)
[1.639s] -- Added test 'cppcheck' to perform static code analysis on C / C++ code
[1.640s] -- Configured cppcheck include dirs: /home/p3zz/Documents/uni/robot-planning-project/communication/shelfino/include
[1.640s] -- Configured cppcheck exclude dirs and/or files: 
[1.640s] -- Added test 'lint_cmake' to check CMake code style
[1.642s] -- Added test 'uncrustify' to check C / C++ code style
[1.642s] -- Configured uncrustify additional arguments: 
[1.643s] -- Added test 'xmllint' to check XML markup files
[1.644s] -- Configuring done
[1.659s] -- Generating done
[1.661s] -- Build files have been written to: /home/p3zz/Documents/uni/robot-planning-project/build/shelfino
[1.691s] [35m[1mConsolidate compiler generated dependencies of target shelfino[0m
[1.716s] [ 50%] [32mBuilding CXX object CMakeFiles/shelfino.dir/src/main.cpp.o[0m
[5.682s] In file included from [01m[K/home/p3zz/Documents/uni/robot-planning-project/communication/shelfino/src/main.cpp:1[m[K:
[5.682s] [01m[K/home/p3zz/Documents/uni/robot-planning-project/communication/shelfino/include/shelfino/shelfino.hpp:262:3:[m[K [01;31m[Kerror: [m[Kâ€˜[01m[Krclcpp_action[m[Kâ€™ does not name a type
[5.682s]   262 |   [01;31m[Krclcpp_action[m[K::Client<FollowPath>::SharedPtr client_ptr_;
[5.683s]       |   [01;31m[K^~~~~~~~~~~~~[m[K
[5.683s] [01m[K/home/p3zz/Documents/uni/robot-planning-project/communication/shelfino/include/shelfino/shelfino.hpp:[m[K In constructor â€˜[01m[KFollowPathClient::FollowPathClient()[m[Kâ€™:
[5.683s] [01m[K/home/p3zz/Documents/uni/robot-planning-project/communication/shelfino/include/shelfino/shelfino.hpp:242:13:[m[K [01;31m[Kerror: [m[Kâ€˜[01m[Kclass FollowPathClient[m[Kâ€™ has no member named â€˜[01m[Kclient_ptr_[m[Kâ€™
[5.683s]   242 |       this->[01;31m[Kclient_ptr_[m[K = rclcpp_action::create_client<FollowPath>(this,"follow_path");
[5.683s]       |             [01;31m[K^~~~~~~~~~~[m[K
[5.683s] [01m[K/home/p3zz/Documents/uni/robot-planning-project/communication/shelfino/include/shelfino/shelfino.hpp:242:27:[m[K [01;31m[Kerror: [m[Kâ€˜[01m[Krclcpp_action[m[Kâ€™ has not been declared
[5.683s]   242 |       this->client_ptr_ = [01;31m[Krclcpp_action[m[K::create_client<FollowPath>(this,"follow_path");
[5.684s]       |                           [01;31m[K^~~~~~~~~~~~~[m[K
[5.684s] [01m[K/home/p3zz/Documents/uni/robot-planning-project/communication/shelfino/include/shelfino/shelfino.hpp:242:66:[m[K [01;31m[Kerror: [m[Kexpected primary-expression before â€˜[01m[K>[m[Kâ€™ token
[5.684s]   242 |       this->client_ptr_ = rclcpp_action::create_client<FollowPath[01;31m[K>[m[K(this,"follow_path");
[5.684s]       |                                                                  [01;31m[K^[m[K
[5.684s] [01m[K/home/p3zz/Documents/uni/robot-planning-project/communication/shelfino/include/shelfino/shelfino.hpp:242:68:[m[K [01;35m[Kwarning: [m[Kleft operand of comma operator has no effect [[01;35m[K]8;;https://gcc.gnu.org/onlinedocs/gcc/Warning-Options.html#index-Wunused-value-Wunused-value]8;;[m[K]
[5.684s]   242 |       this->client_ptr_ = rclcpp_action::create_client<FollowPath>([01;35m[Kthis[m[K,"follow_path");
[5.685s]       |                                                                    [01;35m[K^~~~[m[K
[5.685s] [01m[K/home/p3zz/Documents/uni/robot-planning-project/communication/shelfino/include/shelfino/shelfino.hpp:[m[K In member function â€˜[01m[Kvoid FollowPathClient::send_goal()[m[Kâ€™:
[5.685s] [01m[K/home/p3zz/Documents/uni/robot-planning-project/communication/shelfino/include/shelfino/shelfino.hpp:247:18:[m[K [01;31m[Kerror: [m[Kâ€˜[01m[Kclass FollowPathClient[m[Kâ€™ has no member named â€˜[01m[Kclient_ptr_[m[Kâ€™
[5.685s]   247 |       if (!this->[01;31m[Kclient_ptr_[m[K->wait_for_action_server()) {
[5.685s]       |                  [01;31m[K^~~~~~~~~~~[m[K
[5.685s] [01m[K/home/p3zz/Documents/uni/robot-planning-project/communication/shelfino/include/shelfino/shelfino.hpp:255:32:[m[K [01;31m[Kerror: [m[Kâ€˜[01m[Krclcpp_action[m[Kâ€™ has not been declared
[5.685s]   255 |       auto send_goal_options = [01;31m[Krclcpp_action[m[K::Client<FollowPath>::SendGoalOptions();
[5.686s]       |                                [01;31m[K^~~~~~~~~~~~~[m[K
[5.686s] [01m[K/home/p3zz/Documents/uni/robot-planning-project/communication/shelfino/include/shelfino/shelfino.hpp:255:64:[m[K [01;31m[Kerror: [m[Kexpected primary-expression before â€˜[01m[K>[m[Kâ€™ token
[5.686s]   255 |       auto send_goal_options = rclcpp_action::Client<FollowPath[01;31m[K>[m[K::SendGoalOptions();
[5.686s]       |                                                                [01;31m[K^[m[K
[5.695s] [01m[K/home/p3zz/Documents/uni/robot-planning-project/communication/shelfino/include/shelfino/shelfino.hpp:255:67:[m[K [01;31m[Kerror: [m[Kâ€˜[01m[K::SendGoalOptions[m[Kâ€™ has not been declared; did you mean â€˜[01m[Ksend_goal_options[m[Kâ€™?
[5.695s]   255 |       auto send_goal_options = rclcpp_action::Client<FollowPath>::[01;31m[KSendGoalOptions[m[K();
[5.696s]       |                                                                   [01;31m[K^~~~~~~~~~~~~~~[m[K
[5.696s]       |                                                                   [32m[Ksend_goal_options[m[K
[5.696s] [01m[K/home/p3zz/Documents/uni/robot-planning-project/communication/shelfino/include/shelfino/shelfino.hpp:256:103:[m[K [01;31m[Kerror: [m[Kâ€˜[01m[K_2[m[Kâ€™ was not declared in this scope; did you mean â€˜[01m[Kstd::placeholders::_2[m[Kâ€™?
[5.696s]   256 | l_options.feedback_callback = std::bind(&FollowPathClient::feedback_callback, this, _1, [01;31m[K_2[m[K);
[5.696s]       |                                                                                         [01;31m[K^~[m[K
[5.696s]       |                                                                                         [32m[Kstd::placeholders::_2[m[K
[5.697s] In file included from [01m[K/home/p3zz/Documents/uni/robot-planning-project/communication/shelfino/include/shelfino/shelfino.hpp:1[m[K,
[5.697s]                  from [01m[K/home/p3zz/Documents/uni/robot-planning-project/communication/shelfino/src/main.cpp:1[m[K:
[5.697s] [01m[K/usr/include/c++/11/functional:226:34:[m[K [01;36m[Knote: [m[Kâ€˜[01m[Kstd::placeholders::_2[m[Kâ€™ declared here
[5.697s]   226 |     extern const _Placeholder<2> [01;36m[K_2[m[K;
[5.697s]       |                                  [01;36m[K^~[m[K
[5.701s] In file included from [01m[K/home/p3zz/Documents/uni/robot-planning-project/communication/shelfino/src/main.cpp:1[m[K:
[5.702s] [01m[K/home/p3zz/Documents/uni/robot-planning-project/communication/shelfino/include/shelfino/shelfino.hpp:258:13:[m[K [01;31m[Kerror: [m[Kâ€˜[01m[Kclass FollowPathClient[m[Kâ€™ has no member named â€˜[01m[Kclient_ptr_[m[Kâ€™
[5.702s]   258 |       this->[01;31m[Kclient_ptr_[m[K->async_send_goal(path_msg, send_goal_options);
[5.702s]       |             [01;31m[K^~~~~~~~~~~[m[K
[5.705s] [01m[K/home/p3zz/Documents/uni/robot-planning-project/communication/shelfino/include/shelfino/shelfino.hpp:[m[K In member function â€˜[01m[Kvoid FollowPathClient::result_callback(const Result&)[m[Kâ€™:
[5.705s] [01m[K/home/p3zz/Documents/uni/robot-planning-project/communication/shelfino/include/shelfino/shelfino.hpp:271:20:[m[K [01;31m[Kerror: [m[Kâ€˜[01m[Kconst Result[m[Kâ€™ {aka â€˜[01m[Kconst struct nav2_msgs::action::FollowPath_Result_<std::allocator<void> >[m[Kâ€™} has no member named â€˜[01m[Kcode[m[Kâ€™
[5.705s]   271 |     switch (result.[01;31m[Kcode[m[K) {
[5.705s]       |                    [01;31m[K^~~~[m[K
[5.705s] [01m[K/home/p3zz/Documents/uni/robot-planning-project/communication/shelfino/include/shelfino/shelfino.hpp:272:12:[m[K [01;31m[Kerror: [m[Kâ€˜[01m[Krclcpp_action[m[Kâ€™ has not been declared
[5.705s]   272 |       case [01;31m[Krclcpp_action[m[K::ResultCode::SUCCEEDED:
[5.705s]       |            [01;31m[K^~~~~~~~~~~~~[m[K
[5.706s] [01m[K/home/p3zz/Documents/uni/robot-planning-project/communication/shelfino/include/shelfino/shelfino.hpp:274:12:[m[K [01;31m[Kerror: [m[Kâ€˜[01m[Krclcpp_action[m[Kâ€™ has not been declared
[5.706s]   274 |       case [01;31m[Krclcpp_action[m[K::ResultCode::ABORTED:
[5.706s]       |            [01;31m[K^~~~~~~~~~~~~[m[K
[5.706s] [01m[K/home/p3zz/Documents/uni/robot-planning-project/communication/shelfino/include/shelfino/shelfino.hpp:277:12:[m[K [01;31m[Kerror: [m[Kâ€˜[01m[Krclcpp_action[m[Kâ€™ has not been declared
[5.706s]   277 |       case [01;31m[Krclcpp_action[m[K::ResultCode::CANCELED:
[5.706s]       |            [01;31m[K^~~~~~~~~~~~~[m[K
[11.593s] gmake[2]: *** [CMakeFiles/shelfino.dir/build.make:76: CMakeFiles/shelfino.dir/src/main.cpp.o] Error 1
[11.593s] gmake[1]: *** [CMakeFiles/Makefile2:137: CMakeFiles/shelfino.dir/all] Error 2
[11.593s] gmake: *** [Makefile:146: all] Error 2
[11.596s] Invoked command in '/home/p3zz/Documents/uni/robot-planning-project/build/shelfino' returned '2': CMAKE_PREFIX_PATH=/home/p3zz/Documents/uni/robot-planning-project/install/shapes:/home/p3zz/Documents/uni/robot-planning-project/install/custom_msgs:/home/p3zz/Documents/uni/robot-planning-project/install/shelfino:/home/p3zz/Documents/uni/robot-planning-project/install/decisions:/home/p3zz/Documents/uni/robot-planning-project/install/map:/home/p3zz/Documents/uni/robot-planning-project/install/dubins:/home/p3zz/Documents/uni/robot-planning-project/install/utils:/opt/ros/humble /usr/bin/cmake --build /home/p3zz/Documents/uni/robot-planning-project/build/shelfino -- -j8 -l8
