[0.020s] Invoking command in '/home/p3zz/Documents/uni/robot-planning-project/build/shelfino': CMAKE_PREFIX_PATH=/home/p3zz/Documents/uni/robot-planning-project/install/shapes:/home/p3zz/Documents/uni/robot-planning-project/install/custom_msgs:/home/p3zz/Documents/uni/robot-planning-project/install/shelfino:/home/p3zz/Documents/uni/robot-planning-project/install/decisions:/home/p3zz/Documents/uni/robot-planning-project/install/map:/home/p3zz/Documents/uni/robot-planning-project/install/dubins:/home/p3zz/Documents/uni/robot-planning-project/install/utils:/opt/ros/humble /usr/bin/cmake --build /home/p3zz/Documents/uni/robot-planning-project/build/shelfino -- -j8 -l8
[0.083s] [ 50%] [32mBuilding CXX object CMakeFiles/shelfino.dir/src/main.cpp.o[0m
[3.813s] In file included from [01m[K/home/p3zz/Documents/uni/robot-planning-project/communication/shelfino/src/main.cpp:1[m[K:
[3.814s] [01m[K/home/p3zz/Documents/uni/robot-planning-project/communication/shelfino/include/shelfino/shelfino.hpp:262:3:[m[K [01;31m[Kerror: [m[Kâ€˜[01m[Krclcpp_action[m[Kâ€™ does not name a type
[3.814s]   262 |   [01;31m[Krclcpp_action[m[K::Client<FollowPath>::SharedPtr client_ptr_;
[3.814s]       |   [01;31m[K^~~~~~~~~~~~~[m[K
[3.814s] [01m[K/home/p3zz/Documents/uni/robot-planning-project/communication/shelfino/include/shelfino/shelfino.hpp:[m[K In constructor â€˜[01m[KFollowPathClient::FollowPathClient()[m[Kâ€™:
[3.814s] [01m[K/home/p3zz/Documents/uni/robot-planning-project/communication/shelfino/include/shelfino/shelfino.hpp:242:13:[m[K [01;31m[Kerror: [m[Kâ€˜[01m[Kclass FollowPathClient[m[Kâ€™ has no member named â€˜[01m[Kclient_ptr_[m[Kâ€™
[3.815s]   242 |       this->[01;31m[Kclient_ptr_[m[K = rclcpp_action::create_client<FollowPath>(this,"follow_path");
[3.815s]       |             [01;31m[K^~~~~~~~~~~[m[K
[3.815s] [01m[K/home/p3zz/Documents/uni/robot-planning-project/communication/shelfino/include/shelfino/shelfino.hpp:242:27:[m[K [01;31m[Kerror: [m[Kâ€˜[01m[Krclcpp_action[m[Kâ€™ has not been declared
[3.815s]   242 |       this->client_ptr_ = [01;31m[Krclcpp_action[m[K::create_client<FollowPath>(this,"follow_path");
[3.815s]       |                           [01;31m[K^~~~~~~~~~~~~[m[K
[3.815s] [01m[K/home/p3zz/Documents/uni/robot-planning-project/communication/shelfino/include/shelfino/shelfino.hpp:242:66:[m[K [01;31m[Kerror: [m[Kexpected primary-expression before â€˜[01m[K>[m[Kâ€™ token
[3.816s]   242 |       this->client_ptr_ = rclcpp_action::create_client<FollowPath[01;31m[K>[m[K(this,"follow_path");
[3.816s]       |                                                                  [01;31m[K^[m[K
[3.816s] [01m[K/home/p3zz/Documents/uni/robot-planning-project/communication/shelfino/include/shelfino/shelfino.hpp:242:68:[m[K [01;35m[Kwarning: [m[Kleft operand of comma operator has no effect [[01;35m[K]8;;https://gcc.gnu.org/onlinedocs/gcc/Warning-Options.html#index-Wunused-value-Wunused-value]8;;[m[K]
[3.816s]   242 |       this->client_ptr_ = rclcpp_action::create_client<FollowPath>([01;35m[Kthis[m[K,"follow_path");
[3.816s]       |                                                                    [01;35m[K^~~~[m[K
[3.816s] [01m[K/home/p3zz/Documents/uni/robot-planning-project/communication/shelfino/include/shelfino/shelfino.hpp:[m[K In member function â€˜[01m[Kvoid FollowPathClient::send_goal()[m[Kâ€™:
[3.816s] [01m[K/home/p3zz/Documents/uni/robot-planning-project/communication/shelfino/include/shelfino/shelfino.hpp:247:18:[m[K [01;31m[Kerror: [m[Kâ€˜[01m[Kclass FollowPathClient[m[Kâ€™ has no member named â€˜[01m[Kclient_ptr_[m[Kâ€™
[3.817s]   247 |       if (!this->[01;31m[Kclient_ptr_[m[K->wait_for_action_server()) {
[3.817s]       |                  [01;31m[K^~~~~~~~~~~[m[K
[3.817s] [01m[K/home/p3zz/Documents/uni/robot-planning-project/communication/shelfino/include/shelfino/shelfino.hpp:255:32:[m[K [01;31m[Kerror: [m[Kâ€˜[01m[Krclcpp_action[m[Kâ€™ has not been declared
[3.817s]   255 |       auto send_goal_options = [01;31m[Krclcpp_action[m[K::Client<FollowPath>::SendGoalOptions();
[3.817s]       |                                [01;31m[K^~~~~~~~~~~~~[m[K
[3.817s] [01m[K/home/p3zz/Documents/uni/robot-planning-project/communication/shelfino/include/shelfino/shelfino.hpp:255:64:[m[K [01;31m[Kerror: [m[Kexpected primary-expression before â€˜[01m[K>[m[Kâ€™ token
[3.818s]   255 |       auto send_goal_options = rclcpp_action::Client<FollowPath[01;31m[K>[m[K::SendGoalOptions();
[3.818s]       |                                                                [01;31m[K^[m[K
[3.829s] [01m[K/home/p3zz/Documents/uni/robot-planning-project/communication/shelfino/include/shelfino/shelfino.hpp:255:67:[m[K [01;31m[Kerror: [m[Kâ€˜[01m[K::SendGoalOptions[m[Kâ€™ has not been declared; did you mean â€˜[01m[Ksend_goal_options[m[Kâ€™?
[3.829s]   255 |       auto send_goal_options = rclcpp_action::Client<FollowPath>::[01;31m[KSendGoalOptions[m[K();
[3.829s]       |                                                                   [01;31m[K^~~~~~~~~~~~~~~[m[K
[3.829s]       |                                                                   [32m[Ksend_goal_options[m[K
[3.830s] [01m[K/home/p3zz/Documents/uni/robot-planning-project/communication/shelfino/include/shelfino/shelfino.hpp:256:103:[m[K [01;31m[Kerror: [m[Kâ€˜[01m[K_2[m[Kâ€™ was not declared in this scope; did you mean â€˜[01m[Kstd::placeholders::_2[m[Kâ€™?
[3.830s]   256 | back_callback = std::bind(&FollowPathClient::feedback_callback, this, _1, [01;31m[K_2[m[K);
[3.830s]       |                                                                           [01;31m[K^~[m[K
[3.830s]       |                                                                           [32m[Kstd::placeholders::_2[m[K
[3.830s] In file included from [01m[K/home/p3zz/Documents/uni/robot-planning-project/communication/shelfino/include/shelfino/shelfino.hpp:1[m[K,
[3.830s]                  from [01m[K/home/p3zz/Documents/uni/robot-planning-project/communication/shelfino/src/main.cpp:1[m[K:
[3.831s] [01m[K/usr/include/c++/11/functional:226:34:[m[K [01;36m[Knote: [m[Kâ€˜[01m[Kstd::placeholders::_2[m[Kâ€™ declared here
[3.831s]   226 |     extern const _Placeholder<2> [01;36m[K_2[m[K;
[3.831s]       |                                  [01;36m[K^~[m[K
[3.837s] In file included from [01m[K/home/p3zz/Documents/uni/robot-planning-project/communication/shelfino/src/main.cpp:1[m[K:
[3.837s] [01m[K/home/p3zz/Documents/uni/robot-planning-project/communication/shelfino/include/shelfino/shelfino.hpp:258:13:[m[K [01;31m[Kerror: [m[Kâ€˜[01m[Kclass FollowPathClient[m[Kâ€™ has no member named â€˜[01m[Kclient_ptr_[m[Kâ€™
[3.837s]   258 |       this->[01;31m[Kclient_ptr_[m[K->async_send_goal(path_msg, send_goal_options);
[3.837s]       |             [01;31m[K^~~~~~~~~~~[m[K
[3.841s] [01m[K/home/p3zz/Documents/uni/robot-planning-project/communication/shelfino/include/shelfino/shelfino.hpp:[m[K In member function â€˜[01m[Kvoid FollowPathClient::result_callback(const Result&)[m[Kâ€™:
[3.841s] [01m[K/home/p3zz/Documents/uni/robot-planning-project/communication/shelfino/include/shelfino/shelfino.hpp:271:20:[m[K [01;31m[Kerror: [m[Kâ€˜[01m[Kconst Result[m[Kâ€™ {aka â€˜[01m[Kconst struct nav2_msgs::action::FollowPath_Result_<std::allocator<void> >[m[Kâ€™} has no member named â€˜[01m[Kcode[m[Kâ€™
[3.842s]   271 |     switch (result.[01;31m[Kcode[m[K) {
[3.842s]       |                    [01;31m[K^~~~[m[K
[3.842s] [01m[K/home/p3zz/Documents/uni/robot-planning-project/communication/shelfino/include/shelfino/shelfino.hpp:272:12:[m[K [01;31m[Kerror: [m[Kâ€˜[01m[Krclcpp_action[m[Kâ€™ has not been declared
[3.842s]   272 |       case [01;31m[Krclcpp_action[m[K::ResultCode::SUCCEEDED:
[3.842s]       |            [01;31m[K^~~~~~~~~~~~~[m[K
[3.842s] [01m[K/home/p3zz/Documents/uni/robot-planning-project/communication/shelfino/include/shelfino/shelfino.hpp:274:12:[m[K [01;31m[Kerror: [m[Kâ€˜[01m[Krclcpp_action[m[Kâ€™ has not been declared
[3.843s]   274 |       case [01;31m[Krclcpp_action[m[K::ResultCode::ABORTED:
[3.843s]       |            [01;31m[K^~~~~~~~~~~~~[m[K
[3.843s] [01m[K/home/p3zz/Documents/uni/robot-planning-project/communication/shelfino/include/shelfino/shelfino.hpp:277:12:[m[K [01;31m[Kerror: [m[Kâ€˜[01m[Krclcpp_action[m[Kâ€™ has not been declared
[3.843s]   277 |       case [01;31m[Krclcpp_action[m[K::ResultCode::CANCELED:
[3.843s]       |            [01;31m[K^~~~~~~~~~~~~[m[K
[9.605s] gmake[2]: *** [CMakeFiles/shelfino.dir/build.make:76: CMakeFiles/shelfino.dir/src/main.cpp.o] Error 1
[9.606s] gmake[1]: *** [CMakeFiles/Makefile2:137: CMakeFiles/shelfino.dir/all] Error 2
[9.606s] gmake: *** [Makefile:146: all] Error 2
[9.608s] Invoked command in '/home/p3zz/Documents/uni/robot-planning-project/build/shelfino' returned '2': CMAKE_PREFIX_PATH=/home/p3zz/Documents/uni/robot-planning-project/install/shapes:/home/p3zz/Documents/uni/robot-planning-project/install/custom_msgs:/home/p3zz/Documents/uni/robot-planning-project/install/shelfino:/home/p3zz/Documents/uni/robot-planning-project/install/decisions:/home/p3zz/Documents/uni/robot-planning-project/install/map:/home/p3zz/Documents/uni/robot-planning-project/install/dubins:/home/p3zz/Documents/uni/robot-planning-project/install/utils:/opt/ros/humble /usr/bin/cmake --build /home/p3zz/Documents/uni/robot-planning-project/build/shelfino -- -j8 -l8
