[0.030s] Invoking command in '/root/ros2_ws/src/robot-planning-project/build/shapes': CMAKE_PREFIX_PATH=${CMAKE_PREFIX_PATH}:/opt/ros/humble /usr/bin/cmake /root/ros2_ws/src/robot-planning-project/shapes -DCMAKE_INSTALL_PREFIX=/root/ros2_ws/src/robot-planning-project/install/shapes
[0.184s] -- The C compiler identification is GNU 11.3.0
[0.285s] -- The CXX compiler identification is GNU 11.3.0
[0.321s] -- Detecting C compiler ABI info
[0.445s] -- Detecting C compiler ABI info - done
[0.460s] -- Check for working C compiler: /usr/bin/cc - skipped
[0.460s] -- Detecting C compile features
[0.461s] -- Detecting C compile features - done
[0.467s] -- Detecting CXX compiler ABI info
[0.609s] -- Detecting CXX compiler ABI info - done
[0.626s] -- Check for working CXX compiler: /usr/bin/c++ - skipped
[0.627s] -- Detecting CXX compile features
[0.627s] -- Detecting CXX compile features - done
[0.632s] -- Found ament_cmake: 1.3.3 (/opt/ros/humble/share/ament_cmake/cmake)
[0.866s] -- Found Python3: /usr/bin/python3.10 (found version "3.10.6") found components: Interpreter 
[1.149s] -- Found dubins: 0.0.0 (/root/ros2_ws/install/dubins/share/dubins/cmake)
[1.153s] -- Found utils: 0.0.0 (/root/ros2_ws/install/utils/share/utils/cmake)
[1.166s] -- Found ament_cmake_gtest: 1.3.3 (/opt/ros/humble/share/ament_cmake_gtest/cmake)
[1.177s] -- Found gtest sources under '/opt/ros/humble/src/gtest_vendor': C++ tests using 'Google Test' will be built
[1.183s] -- Looking for pthread.h
[1.434s] -- Looking for pthread.h - found
[1.434s] -- Performing Test CMAKE_HAVE_LIBC_PTHREAD
[1.661s] -- Performing Test CMAKE_HAVE_LIBC_PTHREAD - Success
[1.661s] -- Found Threads: TRUE  
[1.778s] -- Configuring done
[1.797s] -- Generating done
[1.800s] -- Build files have been written to: /root/ros2_ws/src/robot-planning-project/build/shapes
[1.812s] Invoked command in '/root/ros2_ws/src/robot-planning-project/build/shapes' returned '0': CMAKE_PREFIX_PATH=${CMAKE_PREFIX_PATH}:/opt/ros/humble /usr/bin/cmake /root/ros2_ws/src/robot-planning-project/shapes -DCMAKE_INSTALL_PREFIX=/root/ros2_ws/src/robot-planning-project/install/shapes
[1.814s] Invoking command in '/root/ros2_ws/src/robot-planning-project/build/shapes': CMAKE_PREFIX_PATH=${CMAKE_PREFIX_PATH}:/opt/ros/humble /usr/bin/cmake --build /root/ros2_ws/src/robot-planning-project/build/shapes -- -j6 -l6
[2.023s] [  8%] [32mBuilding CXX object gtest/CMakeFiles/gtest_main.dir/src/gtest_main.cc.o[0m
[2.034s] [ 16%] [32mBuilding CXX object gtest/CMakeFiles/gtest.dir/src/gtest-all.cc.o[0m
[2.034s] [ 25%] [32mBuilding CXX object CMakeFiles/shapes.dir/src/shapes.cpp.o[0m
[3.143s] gmake[2]: *** [gtest/CMakeFiles/gtest_main.dir/build.make:76: gtest/CMakeFiles/gtest_main.dir/src/gtest_main.cc.o] Interrupt
[3.171s] gmake[2]: *** [gtest/CMakeFiles/gtest.dir/build.make:76: gtest/CMakeFiles/gtest.dir/src/gtest-all.cc.o] Interrupt
[3.171s] gmake[1]: *** [CMakeFiles/Makefile2:211: gtest/CMakeFiles/gtest.dir/all] Interrupt
[3.172s] gmake[1]: *** [CMakeFiles/Makefile2:237: gtest/CMakeFiles/gtest_main.dir/all] Interrupt
[3.172s] gmake[2]: *** [CMakeFiles/shapes.dir/build.make:76: CMakeFiles/shapes.dir/src/shapes.cpp.o] Interrupt
[3.172s] gmake[1]: *** [CMakeFiles/Makefile2:157: CMakeFiles/shapes.dir/all] Interrupt
[3.173s] gmake: *** [Makefile:146: all] Interrupt
[3.187s] Invoked command in '/root/ros2_ws/src/robot-planning-project/build/shapes' returned '-2': CMAKE_PREFIX_PATH=${CMAKE_PREFIX_PATH}:/opt/ros/humble /usr/bin/cmake --build /root/ros2_ws/src/robot-planning-project/build/shapes -- -j6 -l6
