In file included from [01m[K/home/p3zz/Documents/uni/robot-planning-project/communication/shelfino/src/main.cpp:1[m[K:
[01m[K/home/p3zz/Documents/uni/robot-planning-project/communication/shelfino/include/shelfino/shelfino.hpp:287:33:[m[K [01;31m[Kerror: [m[Kâ€˜[01m[KString[m[Kâ€™ is not a member of â€˜[01m[Kstd_msgs[m[Kâ€™
  287 |     rclcpp::Publisher<std_msgs::[01;31m[KString[m[K>::SharedPtr publisher_;
      |                                 [01;31m[K^~~~~~[m[K
[01m[K/home/p3zz/Documents/uni/robot-planning-project/communication/shelfino/include/shelfino/shelfino.hpp:287:39:[m[K [01;31m[Kerror: [m[Ktemplate argument 1 is invalid
  287 |     rclcpp::Publisher<std_msgs::String[01;31m[K>[m[K::SharedPtr publisher_;
      |                                       [01;31m[K^[m[K
[01m[K/home/p3zz/Documents/uni/robot-planning-project/communication/shelfino/include/shelfino/shelfino.hpp:287:42:[m[K [01;31m[Kerror: [m[Kexpected â€˜[01m[K;[m[Kâ€™ at end of member declaration
  287 |     rclcpp::Publisher<std_msgs::String>::[01;31m[KSharedPtr[m[K publisher_;
      |                                          [01;31m[K^~~~~~~~~[m[K
      |                                                   [32m[K;[m[K
[01m[K/home/p3zz/Documents/uni/robot-planning-project/communication/shelfino/include/shelfino/shelfino.hpp:287:52:[m[K [01;31m[Kerror: [m[Kâ€˜[01m[Kpublisher_[m[Kâ€™ does not name a type; did you mean â€˜[01m[Krmw_publisher_t[m[Kâ€™?
  287 |     rclcpp::Publisher<std_msgs::String>::SharedPtr [01;31m[Kpublisher_[m[K;
      |                                                    [01;31m[K^~~~~~~~~~[m[K
      |                                                    [32m[Krmw_publisher_t[m[K
[01m[K/home/p3zz/Documents/uni/robot-planning-project/communication/shelfino/include/shelfino/shelfino.hpp:[m[K In constructor â€˜[01m[KRoadmapPublisher::RoadmapPublisher(std::optional<RoadMap>&)[m[Kâ€™:
[01m[K/home/p3zz/Documents/uni/robot-planning-project/communication/shelfino/include/shelfino/shelfino.hpp:277:7:[m[K [01;31m[Kerror: [m[Kâ€˜[01m[Kpublisher_[m[Kâ€™ was not declared in this scope; did you mean â€˜[01m[Krmw_publisher_t[m[Kâ€™?
  277 |       [01;31m[Kpublisher_[m[K = this->create_publisher<std_msgs::String>("roadmap", 10);
      |       [01;31m[K^~~~~~~~~~[m[K
      |       [32m[Krmw_publisher_t[m[K
[01m[K/home/p3zz/Documents/uni/robot-planning-project/communication/shelfino/include/shelfino/shelfino.hpp:277:53:[m[K [01;31m[Kerror: [m[Kâ€˜[01m[KString[m[Kâ€™ is not a member of â€˜[01m[Kstd_msgs[m[Kâ€™
  277 |       publisher_ = this->create_publisher<std_msgs::[01;31m[KString[m[K>("roadmap", 10);
      |                                                     [01;31m[K^~~~~~[m[K
[01m[K/home/p3zz/Documents/uni/robot-planning-project/communication/shelfino/include/shelfino/shelfino.hpp:277:60:[m[K [01;31m[Kerror: [m[Kno matching function for call to â€˜[01m[KRoadmapPublisher::create_publisher<<expression error> >(const char [8], int)[m[Kâ€™
  277 |       publisher_ = [01;31m[Kthis->create_publisher<std_msgs::String>("roadmap", 10)[m[K;
      |                    [01;31m[K~~~~~~~~~~~~~~~~~~~~~~~~~~~~~~~~~~~~~~~~^~~~~~~~~~~~~~~[m[K
In file included from [01m[K/opt/ros/humble/include/rclcpp/rclcpp/executors/single_threaded_executor.hpp:28[m[K,
                 from [01m[K/opt/ros/humble/include/rclcpp/rclcpp/executors.hpp:22[m[K,
                 from [01m[K/opt/ros/humble/include/rclcpp/rclcpp/rclcpp.hpp:155[m[K,
                 from [01m[K/home/p3zz/Documents/uni/robot-planning-project/communication/shelfino/include/shelfino/shelfino.hpp:8[m[K,
                 from [01m[K/home/p3zz/Documents/uni/robot-planning-project/communication/shelfino/src/main.cpp:1[m[K:
[01m[K/opt/ros/humble/include/rclcpp/rclcpp/node.hpp:195:3:[m[K [01;36m[Knote: [m[Kcandidate: â€˜[01m[Ktemplate<class MessageT, class AllocatorT, class PublisherT> std::shared_ptr<PublisherT> rclcpp::Node::create_publisher(const string&, const rclcpp::QoS&, const rclcpp::PublisherOptionsWithAllocator<AllocatorT>&)[m[Kâ€™
  195 |   [01;36m[Kcreate_publisher[m[K(
      |   [01;36m[K^~~~~~~~~~~~~~~~[m[K
[01m[K/opt/ros/humble/include/rclcpp/rclcpp/node.hpp:195:3:[m[K [01;36m[Knote: [m[K  template argument deduction/substitution failed:
In file included from [01m[K/home/p3zz/Documents/uni/robot-planning-project/communication/shelfino/src/main.cpp:1[m[K:
[01m[K/home/p3zz/Documents/uni/robot-planning-project/communication/shelfino/include/shelfino/shelfino.hpp:277:60:[m[K [01;31m[Kerror: [m[Ktemplate argument 1 is invalid
  277 |       publisher_ = [01;31m[Kthis->create_publisher<std_msgs::String>("roadmap", 10)[m[K;
      |                    [01;31m[K~~~~~~~~~~~~~~~~~~~~~~~~~~~~~~~~~~~~~~~~^~~~~~~~~~~~~~~[m[K
[01m[K/home/p3zz/Documents/uni/robot-planning-project/communication/shelfino/include/shelfino/shelfino.hpp:276:46:[m[K [01;35m[Kwarning: [m[Kunused parameter â€˜[01m[Kroadmap[m[Kâ€™ [[01;35m[K]8;;https://gcc.gnu.org/onlinedocs/gcc/Warning-Options.html#index-Wunused-parameter-Wunused-parameter]8;;[m[K]
  276 |     RoadmapPublisher([01;35m[Kstd::optional<RoadMap>& roadmap[m[K): Node("roadmap_publisher"), count_(0) {
      |                      [01;35m[K~~~~~~~~~~~~~~~~~~~~~~~~^~~~~~~[m[K
In file included from [01m[K/home/p3zz/Documents/uni/robot-planning-project/communication/shelfino/src/main.cpp:1[m[K:
[01m[K/home/p3zz/Documents/uni/robot-planning-project/communication/shelfino/include/shelfino/shelfino.hpp:[m[K In constructor â€˜[01m[KFollowPathClient::FollowPathClient(std::optional<RoadMap>&, std::optional<DubinCurve>&, std::optional<DubinPoint>&, std::optional<DubinPoint>&)[m[Kâ€™:
[01m[K/home/p3zz/Documents/uni/robot-planning-project/communication/shelfino/include/shelfino/shelfino.hpp:305:29:[m[K [01;35m[Kwarning: [m[Kâ€˜[01m[KFollowPathClient::map[m[Kâ€™ will be initialized after [[01;35m[K]8;;https://gcc.gnu.org/onlinedocs/gcc/Warning-Options.html#index-Wreorder-Wreorder]8;;[m[K]
  305 |     std::optional<RoadMap>& [01;35m[Kmap[m[K;
      |                             [01;35m[K^~~[m[K
[01m[K/home/p3zz/Documents/uni/robot-planning-project/communication/shelfino/include/shelfino/shelfino.hpp:304:32:[m[K [01;35m[Kwarning: [m[K  â€˜[01m[Kstd::optional<DubinCurve>& FollowPathClient::path[m[Kâ€™ [[01;35m[K]8;;https://gcc.gnu.org/onlinedocs/gcc/Warning-Options.html#index-Wreorder-Wreorder]8;;[m[K]
  304 |     std::optional<DubinCurve>& [01;35m[Kpath[m[K;
      |                                [01;35m[K^~~~[m[K
In file included from [01m[K/home/p3zz/Documents/uni/robot-planning-project/communication/shelfino/src/main.cpp:1[m[K:
[01m[K/home/p3zz/Documents/uni/robot-planning-project/communication/shelfino/include/shelfino/shelfino.hpp:296:5:[m[K [01;35m[Kwarning: [m[K  when initialized here [[01;35m[K]8;;https://gcc.gnu.org/onlinedocs/gcc/Warning-Options.html#index-Wreorder-Wreorder]8;;[m[K]
  296 |     [01;35m[KFollowPathClient[m[K(std::optional<RoadMap>& map, std::optional<DubinCurve>& path, std::optional<DubinPoint>& evader_pose, std::optional<DubinPoint>& pursuer_pose)
      |     [01;35m[K^~~~~~~~~~~~~~~~[m[K
gmake[2]: *** [CMakeFiles/shelfino.dir/build.make:76: CMakeFiles/shelfino.dir/src/main.cpp.o] Error 1
gmake[1]: *** [CMakeFiles/Makefile2:137: CMakeFiles/shelfino.dir/all] Error 2
gmake: *** [Makefile:146: all] Error 2
