[0.019s] Invoking command in '/home/p3zz/Documents/uni/robot-planning-project/build/shelfino': AMENT_PREFIX_PATH=/home/p3zz/Documents/uni/robot-planning-project/install/shapes:/home/p3zz/Documents/uni/robot-planning-project/install/custom_msgs CMAKE_PREFIX_PATH=/home/p3zz/Documents/uni/robot-planning-project/install/shapes:/home/p3zz/Documents/uni/robot-planning-project/install/custom_msgs LD_LIBRARY_PATH=/home/p3zz/Documents/uni/robot-planning-project/install/shapes/lib:/home/p3zz/Documents/uni/robot-planning-project/install/custom_msgs/lib PYTHONPATH=/home/p3zz/Documents/uni/robot-planning-project/install/custom_msgs/local/lib/python3.10/dist-packages /usr/bin/cmake --build /home/p3zz/Documents/uni/robot-planning-project/build/shelfino -- -j8 -l8
[0.113s] -- Found ament_cmake: 1.3.3 (/opt/ros/humble/share/ament_cmake/cmake)
[0.264s] Traceback (most recent call last):
[0.264s]   File "/opt/ros/humble/share/ament_cmake_core/cmake/package_templates/templates_2_cmake.py", line 21, in <module>
[0.264s]     from ament_package.templates import get_environment_hook_template_path
[0.264s] ModuleNotFoundError: No module named 'ament_package'
[0.274s] [31mCMake Error at /opt/ros/humble/share/ament_cmake_core/cmake/ament_cmake_package_templates-extras.cmake:41 (message):
[0.274s]   execute_process(/usr/bin/python3.10
[0.274s]   /opt/ros/humble/share/ament_cmake_core/cmake/package_templates/templates_2_cmake.py
[0.274s]   /home/p3zz/Documents/uni/robot-planning-project/build/shelfino/ament_cmake_package_templates/templates.cmake)
[0.274s]   returned error code 1
[0.274s] Call Stack (most recent call first):
[0.274s]   /opt/ros/humble/share/ament_cmake_core/cmake/ament_cmake_coreConfig.cmake:41 (include)
[0.274s]   /opt/ros/humble/share/ament_cmake/cmake/ament_cmake_export_dependencies-extras.cmake:15 (find_package)
[0.274s]   /opt/ros/humble/share/ament_cmake/cmake/ament_cmakeConfig.cmake:41 (include)
[0.274s]   CMakeLists.txt:8 (find_package)
[0.275s] 
[0.275s] [0m
[0.275s] -- Configuring incomplete, errors occurred!
[0.275s] See also "/home/p3zz/Documents/uni/robot-planning-project/build/shelfino/CMakeFiles/CMakeOutput.log".
[0.277s] gmake: *** [Makefile:308: cmake_check_build_system] Error 1
[0.279s] Invoked command in '/home/p3zz/Documents/uni/robot-planning-project/build/shelfino' returned '2': AMENT_PREFIX_PATH=/home/p3zz/Documents/uni/robot-planning-project/install/shapes:/home/p3zz/Documents/uni/robot-planning-project/install/custom_msgs CMAKE_PREFIX_PATH=/home/p3zz/Documents/uni/robot-planning-project/install/shapes:/home/p3zz/Documents/uni/robot-planning-project/install/custom_msgs LD_LIBRARY_PATH=/home/p3zz/Documents/uni/robot-planning-project/install/shapes/lib:/home/p3zz/Documents/uni/robot-planning-project/install/custom_msgs/lib PYTHONPATH=/home/p3zz/Documents/uni/robot-planning-project/install/custom_msgs/local/lib/python3.10/dist-packages /usr/bin/cmake --build /home/p3zz/Documents/uni/robot-planning-project/build/shelfino -- -j8 -l8
