[0.020s] Invoking command in '/home/p3zz/Documents/uni/robot-planning-project/build/shelfino': CMAKE_PREFIX_PATH=/home/p3zz/Documents/uni/robot-planning-project/install/shapes:/home/p3zz/Documents/uni/robot-planning-project/install/custom_msgs:/home/p3zz/Documents/uni/robot-planning-project/install/decisions:/home/p3zz/Documents/uni/robot-planning-project/install/map:/home/p3zz/Documents/uni/robot-planning-project/install/dubins:/home/p3zz/Documents/uni/robot-planning-project/install/utils:/opt/ros/humble /usr/bin/cmake /home/p3zz/Documents/uni/robot-planning-project/communication/shelfino -DCMAKE_INSTALL_PREFIX=/home/p3zz/Documents/uni/robot-planning-project/install/shelfino
[0.088s] -- The C compiler identification is GNU 11.3.0
[0.174s] -- The CXX compiler identification is GNU 11.3.0
[0.185s] -- Detecting C compiler ABI info
[0.267s] -- Detecting C compiler ABI info - done
[0.277s] -- Check for working C compiler: /usr/bin/cc - skipped
[0.277s] -- Detecting C compile features
[0.277s] -- Detecting C compile features - done
[0.280s] -- Detecting CXX compiler ABI info
[0.360s] -- Detecting CXX compiler ABI info - done
[0.368s] -- Check for working CXX compiler: /usr/bin/c++ - skipped
[0.368s] -- Detecting CXX compile features
[0.369s] -- Detecting CXX compile features - done
[0.372s] -- Found ament_cmake: 1.3.3 (/opt/ros/humble/share/ament_cmake/cmake)
[0.577s] -- Found Python3: /usr/bin/python3.10 (found version "3.10.6") found components: Interpreter 
[0.698s] -- Found rclcpp: 16.0.2 (/opt/ros/humble/share/rclcpp/cmake)
[0.773s] -- Found rosidl_generator_c: 3.1.4 (/opt/ros/humble/share/rosidl_generator_c/cmake)
[0.784s] -- Found rosidl_adapter: 3.1.4 (/opt/ros/humble/share/rosidl_adapter/cmake)
[0.800s] -- Found rosidl_generator_cpp: 3.1.4 (/opt/ros/humble/share/rosidl_generator_cpp/cmake)
[0.820s] -- Using all available rosidl_typesupport_c: rosidl_typesupport_fastrtps_c;rosidl_typesupport_introspection_c
[0.843s] -- Using all available rosidl_typesupport_cpp: rosidl_typesupport_fastrtps_cpp;rosidl_typesupport_introspection_cpp
[0.937s] -- Found rmw_implementation_cmake: 6.1.1 (/opt/ros/humble/share/rmw_implementation_cmake/cmake)
[0.942s] -- Found rmw_fastrtps_cpp: 6.2.2 (/opt/ros/humble/share/rmw_fastrtps_cpp/cmake)
[1.064s] -- Found OpenSSL: /usr/lib/x86_64-linux-gnu/libcrypto.so (found version "3.0.2")  
[1.094s] -- Found FastRTPS: /opt/ros/humble/include  
[1.143s] -- Using RMW implementation 'rmw_fastrtps_cpp' as default
[1.158s] -- Looking for pthread.h
[1.231s] -- Looking for pthread.h - found
[1.232s] -- Performing Test CMAKE_HAVE_LIBC_PTHREAD
[1.315s] -- Performing Test CMAKE_HAVE_LIBC_PTHREAD - Success
[1.316s] -- Found Threads: TRUE  
[1.517s] -- Found rclcpp_action: 16.0.2 (/opt/ros/humble/share/rclcpp_action/cmake)
[1.639s] -- Found geometry_msgs: 4.2.2 (/opt/ros/humble/share/geometry_msgs/cmake)
[1.689s] -- Found custom_msgs: 0.1.2 (/home/p3zz/Documents/uni/robot-planning-project/install/custom_msgs/share/custom_msgs/cmake)
[1.783s] -- Found shapes: 0.0.0 (/home/p3zz/Documents/uni/robot-planning-project/install/shapes/share/shapes/cmake)
[1.784s] -- Found dubins: 0.0.0 (/home/p3zz/Documents/uni/robot-planning-project/install/dubins/share/dubins/cmake)
[1.785s] -- Found map: 0.0.0 (/home/p3zz/Documents/uni/robot-planning-project/install/map/share/map/cmake)
[1.786s] -- Found utils: 0.0.0 (/home/p3zz/Documents/uni/robot-planning-project/install/utils/share/utils/cmake)
[1.787s] -- Found decisions: 0.0.0 (/home/p3zz/Documents/uni/robot-planning-project/install/decisions/share/decisions/cmake)
[1.798s] -- Found tf2: 0.25.1 (/opt/ros/humble/share/tf2/cmake)
[1.816s] -- Found tf2_ros: 0.25.1 (/opt/ros/humble/share/tf2_ros/cmake)
[2.116s] -- Found nav2_msgs: 1.1.3 (/opt/ros/humble/share/nav2_msgs/cmake)
[2.450s] -- Found ament_lint_auto: 0.12.4 (/opt/ros/humble/share/ament_lint_auto/cmake)
[2.536s] -- Added test 'cppcheck' to perform static code analysis on C / C++ code
[2.537s] -- Configured cppcheck include dirs: /home/p3zz/Documents/uni/robot-planning-project/communication/shelfino/include
[2.537s] -- Configured cppcheck exclude dirs and/or files: 
[2.538s] -- Added test 'lint_cmake' to check CMake code style
[2.539s] -- Added test 'uncrustify' to check C / C++ code style
[2.539s] -- Configured uncrustify additional arguments: 
[2.540s] -- Added test 'xmllint' to check XML markup files
[2.542s] -- Configuring done
[2.559s] -- Generating done
[2.563s] -- Build files have been written to: /home/p3zz/Documents/uni/robot-planning-project/build/shelfino
[2.574s] Invoked command in '/home/p3zz/Documents/uni/robot-planning-project/build/shelfino' returned '0': CMAKE_PREFIX_PATH=/home/p3zz/Documents/uni/robot-planning-project/install/shapes:/home/p3zz/Documents/uni/robot-planning-project/install/custom_msgs:/home/p3zz/Documents/uni/robot-planning-project/install/decisions:/home/p3zz/Documents/uni/robot-planning-project/install/map:/home/p3zz/Documents/uni/robot-planning-project/install/dubins:/home/p3zz/Documents/uni/robot-planning-project/install/utils:/opt/ros/humble /usr/bin/cmake /home/p3zz/Documents/uni/robot-planning-project/communication/shelfino -DCMAKE_INSTALL_PREFIX=/home/p3zz/Documents/uni/robot-planning-project/install/shelfino
[2.576s] Invoking command in '/home/p3zz/Documents/uni/robot-planning-project/build/shelfino': CMAKE_PREFIX_PATH=/home/p3zz/Documents/uni/robot-planning-project/install/shapes:/home/p3zz/Documents/uni/robot-planning-project/install/custom_msgs:/home/p3zz/Documents/uni/robot-planning-project/install/decisions:/home/p3zz/Documents/uni/robot-planning-project/install/map:/home/p3zz/Documents/uni/robot-planning-project/install/dubins:/home/p3zz/Documents/uni/robot-planning-project/install/utils:/opt/ros/humble /usr/bin/cmake --build /home/p3zz/Documents/uni/robot-planning-project/build/shelfino -- -j8 -l8
[2.632s] [ 50%] [32mBuilding CXX object CMakeFiles/shelfino.dir/src/main.cpp.o[0m
[6.946s] In file included from [01m[K/home/p3zz/Documents/uni/robot-planning-project/communication/shelfino/src/main.cpp:1[m[K:
[6.946s] [01m[K/home/p3zz/Documents/uni/robot-planning-project/communication/shelfino/include/shelfino/shelfino.hpp:[m[K In constructor â€˜[01m[KEvaderPoseSubscriber::EvaderPoseSubscriber(SafeValue<DubinPoint>&)[m[Kâ€™:
[6.946s] [01m[K/home/p3zz/Documents/uni/robot-planning-project/communication/shelfino/include/shelfino/shelfino.hpp:243:80:[m[K [01;31m[Kerror: [m[Kclass â€˜[01m[KEvaderPoseSubscriber[m[Kâ€™ does not have any field named â€˜[01m[Kpose[m[Kâ€™
[6.947s]   243 |       EvaderPoseSubscriber(SafeValue<DubinPoint>& pose) : Node("evader_pose"), [01;31m[Kpose[m[K{pose} {
[6.947s]       |                                                                                [01;31m[K^~~~[m[K
[6.952s] [01m[K/home/p3zz/Documents/uni/robot-planning-project/communication/shelfino/include/shelfino/shelfino.hpp:243:7:[m[K [01;31m[Kerror: [m[Kuninitialized reference member in â€˜[01m[Kclass SafeValue<DubinPoint>&[m[Kâ€™ [[01;31m[K]8;;https://gcc.gnu.org/onlinedocs/gcc/Warning-Options.html#index-fpermissive-fpermissive]8;;[m[K]
[6.953s]   243 |       [01;31m[KEvaderPoseSubscriber[m[K(SafeValue<DubinPoint>& pose) : Node("evader_pose"), pose{pose} {
[6.953s]       |       [01;31m[K^~~~~~~~~~~~~~~~~~~~[m[K
[6.953s] In file included from [01m[K/home/p3zz/Documents/uni/robot-planning-project/communication/shelfino/src/main.cpp:1[m[K:
[6.953s] [01m[K/home/p3zz/Documents/uni/robot-planning-project/communication/shelfino/include/shelfino/shelfino.hpp:257:30:[m[K [01;36m[Knote: [m[Kâ€˜[01m[KSafeValue<DubinPoint>& EvaderPoseSubscriber::evader_pose[m[Kâ€™ should be initialized
[6.953s]   257 |       SafeValue<DubinPoint>& [01;36m[Kevader_pose[m[K;
[6.954s]       |                              [01;36m[K^~~~~~~~~~~[m[K
[6.960s] [01m[K/home/p3zz/Documents/uni/robot-planning-project/communication/shelfino/include/shelfino/shelfino.hpp:[m[K In constructor â€˜[01m[KPursuerPoseSubscriber::PursuerPoseSubscriber(SafeValue<DubinPoint>&)[m[Kâ€™:
[6.960s] [01m[K/home/p3zz/Documents/uni/robot-planning-project/communication/shelfino/include/shelfino/shelfino.hpp:262:81:[m[K [01;31m[Kerror: [m[Kclass â€˜[01m[KPursuerPoseSubscriber[m[Kâ€™ does not have any field named â€˜[01m[Kpose[m[Kâ€™
[6.960s]   262 |       PursuerPoseSubscriber(SafeValue<DubinPoint>& pose) : Node("evader_pose"), [01;31m[Kpose[m[K{pose} {
[6.960s]       |                                                                                 [01;31m[K^~~~[m[K
[6.960s] [01m[K/home/p3zz/Documents/uni/robot-planning-project/communication/shelfino/include/shelfino/shelfino.hpp:262:7:[m[K [01;31m[Kerror: [m[Kuninitialized reference member in â€˜[01m[Kclass SafeValue<DubinPoint>&[m[Kâ€™ [[01;31m[K]8;;https://gcc.gnu.org/onlinedocs/gcc/Warning-Options.html#index-fpermissive-fpermissive]8;;[m[K]
[6.961s]   262 |       [01;31m[KPursuerPoseSubscriber[m[K(SafeValue<DubinPoint>& pose) : Node("evader_pose"), pose{pose} {
[6.961s]       |       [01;31m[K^~~~~~~~~~~~~~~~~~~~~[m[K
[6.961s] [01m[K/home/p3zz/Documents/uni/robot-planning-project/communication/shelfino/include/shelfino/shelfino.hpp:276:30:[m[K [01;36m[Knote: [m[Kâ€˜[01m[KSafeValue<DubinPoint>& PursuerPoseSubscriber::pursuer_pose[m[Kâ€™ should be initialized
[6.961s]   276 |       SafeValue<DubinPoint>& [01;36m[Kpursuer_pose[m[K;
[6.961s]       |                              [01;36m[K^~~~~~~~~~~~[m[K
[6.994s] [01m[K/home/p3zz/Documents/uni/robot-planning-project/communication/shelfino/include/shelfino/shelfino.hpp:[m[K In constructor â€˜[01m[KRoadmapPublisher::RoadmapPublisher(SafeValue<RoadMap>&)[m[Kâ€™:
[6.994s] [01m[K/home/p3zz/Documents/uni/robot-planning-project/communication/shelfino/include/shelfino/shelfino.hpp:320:79:[m[K [01;31m[Kerror: [m[Kclass â€˜[01m[KRoadmapPublisher[m[Kâ€™ does not have any field named â€˜[01m[Kroadmap[m[Kâ€™
[6.994s]   320 |     RoadmapPublisher(SafeValue<RoadMap>& roadmap): Node("roadmap_publisher"), [01;31m[Kroadmap[m[K{roadmap}, count_(0) {
[6.994s]       |                                                                               [01;31m[K^~~~~~~[m[K
[6.995s] [01m[K/home/p3zz/Documents/uni/robot-planning-project/communication/shelfino/include/shelfino/shelfino.hpp:325:39:[m[K [01;31m[Kerror: [m[Kcould not convert â€˜[01m[Kroadmap[m[Kâ€™ from â€˜[01m[KSafeValue<RoadMap>[m[Kâ€™ to â€˜[01m[KRoadMap[m[Kâ€™
[6.995s]   325 |       auto message = msg_from_roadmap([01;31m[Kroadmap[m[K, h);
[6.995s]       |                                       [01;31m[K^~~~~~~[m[K
[6.995s]       |                                       [01;31m[K|[m[K
[6.995s]       |                                       [01;31m[KSafeValue<RoadMap>[m[K
[7.060s] [01m[K/home/p3zz/Documents/uni/robot-planning-project/communication/shelfino/src/main.cpp:[m[K In function â€˜[01m[Kvoid subscriber_body(ShelfinoDto&)[m[Kâ€™:
[7.060s] [01m[K/home/p3zz/Documents/uni/robot-planning-project/communication/shelfino/src/main.cpp:8:61:[m[K [01;31m[Kerror: [m[Kâ€˜[01m[Kclass ShelfinoDto[m[Kâ€™ has no member named â€˜[01m[Kpose[m[Kâ€™
[7.060s]     8 |     auto pose_listener = std::make_shared<PoseListener>(dto.[01;31m[Kpose[m[K);
[7.060s]       |                                                             [01;31m[K^~~~[m[K
[7.079s] [01m[K/home/p3zz/Documents/uni/robot-planning-project/communication/shelfino/src/main.cpp:[m[K In function â€˜[01m[Kvoid service_body(ShelfinoDto&)[m[Kâ€™:
[7.079s] [01m[K/home/p3zz/Documents/uni/robot-planning-project/communication/shelfino/src/main.cpp:27:5:[m[K [01;31m[Kerror: [m[Kâ€˜[01m[Kexecutor[m[Kâ€™ was not declared in this scope
[7.079s]    27 |     [01;31m[Kexecutor[m[K.add_node(follow_path_client);
[7.079s]       |     [01;31m[K^~~~~~~~[m[K
[7.230s] In file included from [01m[K/home/p3zz/Documents/uni/robot-planning-project/communication/shelfino/src/main.cpp:1[m[K:
[7.230s] /home/p3zz/Documents/uni/robot-planning-project/communication/shelfino/include/shelfino/shelfino.hpp: In instantiation of â€˜[01m[KSafeValue<T>::SafeValue() [with T = RoadMap][m[Kâ€™:
[7.230s] [01m[K/home/p3zz/Documents/uni/robot-planning-project/communication/shelfino/include/shelfino/shelfino.hpp:157:22:[m[K   required from here
[7.230s] [01m[K/home/p3zz/Documents/uni/robot-planning-project/communication/shelfino/include/shelfino/shelfino.hpp:137:20:[m[K [01;31m[Kerror: [m[Kno matching function for call to â€˜[01m[KRoadMap::RoadMap()[m[Kâ€™
[7.231s]   137 |         SafeValue()[01;31m[K{[m[K}
[7.231s]       |                    [01;31m[K^[m[K
[7.231s] In file included from [01m[K/home/p3zz/Documents/uni/robot-planning-project/communication/shelfino/include/shelfino/shelfino.hpp:28[m[K,
[7.231s]                  from [01m[K/home/p3zz/Documents/uni/robot-planning-project/communication/shelfino/src/main.cpp:1[m[K:
[7.231s] [01m[K/home/p3zz/Documents/uni/robot-planning-project/install/map/include/map/map.hpp:74:9:[m[K [01;36m[Knote: [m[Kcandidate: â€˜[01m[KRoadMap::RoadMap(Room)[m[Kâ€™
[7.231s]    74 |         [01;36m[KRoadMap[m[K(Room r):r{r}{}
[7.231s]       |         [01;36m[K^~~~~~~[m[K
[7.232s] [01m[K/home/p3zz/Documents/uni/robot-planning-project/install/map/include/map/map.hpp:74:9:[m[K [01;36m[Knote: [m[K  candidate expects 1 argument, 0 provided
[7.232s] [01m[K/home/p3zz/Documents/uni/robot-planning-project/install/map/include/map/map.hpp:66:7:[m[K [01;36m[Knote: [m[Kcandidate: â€˜[01m[KRoadMap::RoadMap(const RoadMap&)[m[Kâ€™
[7.232s]    66 | class [01;36m[KRoadMap[m[K
[7.232s]       |       [01;36m[K^~~~~~~[m[K
[7.232s] [01m[K/home/p3zz/Documents/uni/robot-planning-project/install/map/include/map/map.hpp:66:7:[m[K [01;36m[Knote: [m[K  candidate expects 1 argument, 0 provided
[7.232s] [01m[K/home/p3zz/Documents/uni/robot-planning-project/install/map/include/map/map.hpp:66:7:[m[K [01;36m[Knote: [m[Kcandidate: â€˜[01m[KRoadMap::RoadMap(RoadMap&&)[m[Kâ€™
[7.232s] [01m[K/home/p3zz/Documents/uni/robot-planning-project/install/map/include/map/map.hpp:66:7:[m[K [01;36m[Knote: [m[K  candidate expects 1 argument, 0 provided
[9.575s] In file included from [01m[K/usr/include/x86_64-linux-gnu/c++/11/bits/c++allocator.h:33[m[K,
[9.575s]                  from [01m[K/usr/include/c++/11/bits/allocator.h:46[m[K,
[9.575s]                  from [01m[K/usr/include/c++/11/unordered_map:40[m[K,
[9.575s]                  from [01m[K/usr/include/c++/11/functional:61[m[K,
[9.575s]                  from [01m[K/home/p3zz/Documents/uni/robot-planning-project/communication/shelfino/include/shelfino/shelfino.hpp:1[m[K,
[9.576s]                  from [01m[K/home/p3zz/Documents/uni/robot-planning-project/communication/shelfino/src/main.cpp:1[m[K:
[9.576s] /usr/include/c++/11/ext/new_allocator.h: In instantiation of â€˜[01m[Kvoid __gnu_cxx::new_allocator<_Tp>::construct(_Up*, _Args&& ...) [with _Up = FollowPathClient; _Args = {SafeValue<RoadMap>&}; _Tp = FollowPathClient][m[Kâ€™:
[9.576s] [01m[K/usr/include/c++/11/bits/alloc_traits.h:516:17:[m[K   required from â€˜[01m[Kstatic void std::allocator_traits<std::allocator<_Tp1> >::construct(std::allocator_traits<std::allocator<_Tp1> >::allocator_type&, _Up*, _Args&& ...) [with _Up = FollowPathClient; _Args = {SafeValue<RoadMap>&}; _Tp = FollowPathClient; std::allocator_traits<std::allocator<_Tp1> >::allocator_type = std::allocator<FollowPathClient>][m[Kâ€™
[9.576s] [01m[K/usr/include/c++/11/bits/shared_ptr_base.h:519:39:[m[K   required from â€˜[01m[Kstd::_Sp_counted_ptr_inplace<_Tp, _Alloc, _Lp>::_Sp_counted_ptr_inplace(_Alloc, _Args&& ...) [with _Args = {SafeValue<RoadMap>&}; _Tp = FollowPathClient; _Alloc = std::allocator<FollowPathClient>; __gnu_cxx::_Lock_policy _Lp = __gnu_cxx::_S_atomic][m[Kâ€™
[9.576s] [01m[K/usr/include/c++/11/bits/shared_ptr_base.h:650:16:[m[K   required from â€˜[01m[Kstd::__shared_count<_Lp>::__shared_count(_Tp*&, std::_Sp_alloc_shared_tag<_Alloc>, _Args&& ...) [with _Tp = FollowPathClient; _Alloc = std::allocator<FollowPathClient>; _Args = {SafeValue<RoadMap>&}; __gnu_cxx::_Lock_policy _Lp = __gnu_cxx::_S_atomic][m[Kâ€™
[9.576s] [01m[K/usr/include/c++/11/bits/shared_ptr_base.h:1342:14:[m[K   required from â€˜[01m[Kstd::__shared_ptr<_Tp, _Lp>::__shared_ptr(std::_Sp_alloc_shared_tag<_Tp>, _Args&& ...) [with _Alloc = std::allocator<FollowPathClient>; _Args = {SafeValue<RoadMap>&}; _Tp = FollowPathClient; __gnu_cxx::_Lock_policy _Lp = __gnu_cxx::_S_atomic][m[Kâ€™
[9.576s] [01m[K/usr/include/c++/11/bits/shared_ptr.h:409:59:[m[K   required from â€˜[01m[Kstd::shared_ptr<_Tp>::shared_ptr(std::_Sp_alloc_shared_tag<_Tp>, _Args&& ...) [with _Alloc = std::allocator<FollowPathClient>; _Args = {SafeValue<RoadMap>&}; _Tp = FollowPathClient][m[Kâ€™
[9.577s] [01m[K/usr/include/c++/11/bits/shared_ptr.h:862:14:[m[K   required from â€˜[01m[Kstd::shared_ptr<_Tp> std::allocate_shared(const _Alloc&, _Args&& ...) [with _Tp = FollowPathClient; _Alloc = std::allocator<FollowPathClient>; _Args = {SafeValue<RoadMap>&}][m[Kâ€™
[9.577s] [01m[K/usr/include/c++/11/bits/shared_ptr.h:878:39:[m[K   required from â€˜[01m[Kstd::shared_ptr<_Tp> std::make_shared(_Args&& ...) [with _Tp = FollowPathClient; _Args = {SafeValue<RoadMap>&}][m[Kâ€™
[9.577s] [01m[K/home/p3zz/Documents/uni/robot-planning-project/communication/shelfino/src/main.cpp:26:65:[m[K   required from here
[9.577s] [01m[K/usr/include/c++/11/ext/new_allocator.h:162:11:[m[K [01;31m[Kerror: [m[Kno matching function for call to â€˜[01m[KFollowPathClient::FollowPathClient(SafeValue<RoadMap>&)[m[Kâ€™
[9.577s]   162 |         { [01;31m[K::new((void *)__p) _Up(std::forward<_Args>(__args)...)[m[K; }
[9.577s]       |           [01;31m[K^~~~~~~~~~~~~~~~~~~~~~~~~~~~~~~~~~~~~~~~~~~~~~~~~~~~~~[m[K
[9.577s] In file included from [01m[K/home/p3zz/Documents/uni/robot-planning-project/communication/shelfino/src/main.cpp:1[m[K:
[9.577s] [01m[K/home/p3zz/Documents/uni/robot-planning-project/communication/shelfino/include/shelfino/shelfino.hpp:339:5:[m[K [01;36m[Knote: [m[Kcandidate: â€˜[01m[KFollowPathClient::FollowPathClient(SafeValue<DubinCurve>&)[m[Kâ€™
[9.578s]   339 |     [01;36m[KFollowPathClient[m[K(SafeValue<DubinCurve>& curve) : Node("follow_path_client"), curve{curve} {
[9.578s]       |     [01;36m[K^~~~~~~~~~~~~~~~[m[K
[9.578s] [01m[K/home/p3zz/Documents/uni/robot-planning-project/communication/shelfino/include/shelfino/shelfino.hpp:339:45:[m[K [01;36m[Knote: [m[K  no known conversion for argument 1 from â€˜[01m[KSafeValue<RoadMap>[m[Kâ€™ to â€˜[01m[KSafeValue<DubinCurve>&[m[Kâ€™
[9.578s]   339 |     FollowPathClient([01;36m[KSafeValue<DubinCurve>& curve[m[K) : Node("follow_path_client"), curve{curve} {
[9.578s]       |                      [01;36m[K~~~~~~~~~~~~~~~~~~~~~~~^~~~~[m[K
[14.774s] gmake[2]: *** [CMakeFiles/shelfino.dir/build.make:76: CMakeFiles/shelfino.dir/src/main.cpp.o] Error 1
[14.775s] gmake[1]: *** [CMakeFiles/Makefile2:137: CMakeFiles/shelfino.dir/all] Error 2
[14.775s] gmake: *** [Makefile:146: all] Error 2
[14.777s] Invoked command in '/home/p3zz/Documents/uni/robot-planning-project/build/shelfino' returned '2': CMAKE_PREFIX_PATH=/home/p3zz/Documents/uni/robot-planning-project/install/shapes:/home/p3zz/Documents/uni/robot-planning-project/install/custom_msgs:/home/p3zz/Documents/uni/robot-planning-project/install/decisions:/home/p3zz/Documents/uni/robot-planning-project/install/map:/home/p3zz/Documents/uni/robot-planning-project/install/dubins:/home/p3zz/Documents/uni/robot-planning-project/install/utils:/opt/ros/humble /usr/bin/cmake --build /home/p3zz/Documents/uni/robot-planning-project/build/shelfino -- -j8 -l8
