[0.017s] Invoking command in '/home/p3zz/Documents/uni/robot-planning-project/build/shelfino': CMAKE_PREFIX_PATH=/home/p3zz/Documents/uni/robot-planning-project/install/shapes:/home/p3zz/Documents/uni/robot-planning-project/install/custom_msgs:/home/p3zz/Documents/uni/robot-planning-project/install/shelfino:/home/p3zz/Documents/uni/robot-planning-project/install/decisions:/home/p3zz/Documents/uni/robot-planning-project/install/map:/home/p3zz/Documents/uni/robot-planning-project/install/dubins:/home/p3zz/Documents/uni/robot-planning-project/install/utils:/opt/ros/humble /usr/bin/cmake --build /home/p3zz/Documents/uni/robot-planning-project/build/shelfino -- -j8 -l8
[0.063s] [35m[1mConsolidate compiler generated dependencies of target shelfino[0m
[0.090s] [ 50%] [32mBuilding CXX object CMakeFiles/shelfino.dir/src/main.cpp.o[0m
[3.933s] In file included from [01m[K/home/p3zz/Documents/uni/robot-planning-project/communication/shelfino/src/main.cpp:1[m[K:
[3.933s] [01m[K/home/p3zz/Documents/uni/robot-planning-project/communication/shelfino/include/shelfino/shelfino.hpp:[m[K In member function â€˜[01m[Kvoid FollowPathClient::feedback_callback(rclcpp_action::ClientGoalHandle<nav2_msgs::action::FollowPath>::SharedPtr, std::shared_ptr<const nav2_msgs::action::FollowPath_Feedback_<std::allocator<void> > >)[m[Kâ€™:
[3.933s] [01m[K/home/p3zz/Documents/uni/robot-planning-project/communication/shelfino/include/shelfino/shelfino.hpp:268:25:[m[K [01;31m[Kerror: [m[Kâ€˜[01m[Kconst class std::shared_ptr<const nav2_msgs::action::FollowPath_Feedback_<std::allocator<void> > >[m[Kâ€™ has no member named â€˜[01m[Kdistance_to_goal[m[Kâ€™
[3.933s]   268 |     std::cout<<feedback.[01;31m[Kdistance_to_goal[m[K<<std::endl;
[3.933s]       |                         [01;31m[K^~~~~~~~~~~~~~~~[m[K
[3.933s] [01m[K/home/p3zz/Documents/uni/robot-planning-project/communication/shelfino/include/shelfino/shelfino.hpp:269:25:[m[K [01;31m[Kerror: [m[Kâ€˜[01m[Kconst class std::shared_ptr<const nav2_msgs::action::FollowPath_Feedback_<std::allocator<void> > >[m[Kâ€™ has no member named â€˜[01m[Kspeed[m[Kâ€™
[3.933s]   269 |     std::cout<<feedback.[01;31m[Kspeed[m[K<<std::endl;
[3.933s]       |                         [01;31m[K^~~~~[m[K
[3.933s] [01m[K/home/p3zz/Documents/uni/robot-planning-project/communication/shelfino/include/shelfino/shelfino.hpp:[m[K In member function â€˜[01m[Kvoid FollowPathClient::result_callback(const rclcpp_action::ClientGoalHandle<nav2_msgs::action::FollowPath>::WrappedResult&)[m[Kâ€™:
[3.934s] [01m[K/home/p3zz/Documents/uni/robot-planning-project/communication/shelfino/include/shelfino/shelfino.hpp:272:67:[m[K [01;35m[Kwarning: [m[Kunused parameter â€˜[01m[Kresult[m[Kâ€™ [[01;35m[K]8;;https://gcc.gnu.org/onlinedocs/gcc/Warning-Options.html#index-Wunused-parameter-Wunused-parameter]8;;[m[K]
[3.934s]   272 |   void result_callback([01;35m[Kconst GoalHandleFollowPath::WrappedResult& result[m[K)
[3.934s]       |                        [01;35m[K~~~~~~~~~~~~~~~~~~~~~~~~~~~~~~~~~~~~~~~~~~~^~~~~~[m[K
[10.071s] gmake[2]: *** [CMakeFiles/shelfino.dir/build.make:76: CMakeFiles/shelfino.dir/src/main.cpp.o] Error 1
[10.072s] gmake[1]: *** [CMakeFiles/Makefile2:137: CMakeFiles/shelfino.dir/all] Error 2
[10.072s] gmake: *** [Makefile:146: all] Error 2
[10.074s] Invoked command in '/home/p3zz/Documents/uni/robot-planning-project/build/shelfino' returned '2': CMAKE_PREFIX_PATH=/home/p3zz/Documents/uni/robot-planning-project/install/shapes:/home/p3zz/Documents/uni/robot-planning-project/install/custom_msgs:/home/p3zz/Documents/uni/robot-planning-project/install/shelfino:/home/p3zz/Documents/uni/robot-planning-project/install/decisions:/home/p3zz/Documents/uni/robot-planning-project/install/map:/home/p3zz/Documents/uni/robot-planning-project/install/dubins:/home/p3zz/Documents/uni/robot-planning-project/install/utils:/opt/ros/humble /usr/bin/cmake --build /home/p3zz/Documents/uni/robot-planning-project/build/shelfino -- -j8 -l8
