[0.018s] Invoking command in '/home/p3zz/Documents/uni/robot-planning-project/build/shelfino': CMAKE_PREFIX_PATH=/home/p3zz/Documents/uni/robot-planning-project/install/shapes:/home/p3zz/Documents/uni/robot-planning-project/install/custom_msgs:/home/p3zz/Documents/uni/robot-planning-project/install/shelfino:/home/p3zz/Documents/uni/robot-planning-project/install/decisions:/home/p3zz/Documents/uni/robot-planning-project/install/map:/home/p3zz/Documents/uni/robot-planning-project/install/dubins:/home/p3zz/Documents/uni/robot-planning-project/install/utils:/opt/ros/humble /usr/bin/cmake --build /home/p3zz/Documents/uni/robot-planning-project/build/shelfino -- -j8 -l8
[0.063s] [35m[1mConsolidate compiler generated dependencies of target shelfino[0m
[0.090s] [ 50%] [32mBuilding CXX object CMakeFiles/shelfino.dir/src/main.cpp.o[0m
[3.880s] In file included from [01m[K/home/p3zz/Documents/uni/robot-planning-project/communication/shelfino/src/main.cpp:1[m[K:
[3.880s] [01m[K/home/p3zz/Documents/uni/robot-planning-project/communication/shelfino/include/shelfino/shelfino.hpp:[m[K In member function â€˜[01m[Kvoid FollowPathClient::send_goal()[m[Kâ€™:
[3.880s] [01m[K/home/p3zz/Documents/uni/robot-planning-project/communication/shelfino/include/shelfino/shelfino.hpp:257:103:[m[K [01;31m[Kerror: [m[Kâ€˜[01m[K_2[m[Kâ€™ was not declared in this scope; did you mean â€˜[01m[Kstd::placeholders::_2[m[Kâ€™?
[3.880s]   257 | back_callback = std::bind(&FollowPathClient::feedback_callback, this, _1, [01;31m[K_2[m[K);
[3.880s]       |                                                                           [01;31m[K^~[m[K
[3.880s]       |                                                                           [32m[Kstd::placeholders::_2[m[K
[3.880s] In file included from [01m[K/home/p3zz/Documents/uni/robot-planning-project/communication/shelfino/include/shelfino/shelfino.hpp:1[m[K,
[3.880s]                  from [01m[K/home/p3zz/Documents/uni/robot-planning-project/communication/shelfino/src/main.cpp:1[m[K:
[3.880s] [01m[K/usr/include/c++/11/functional:226:34:[m[K [01;36m[Knote: [m[Kâ€˜[01m[Kstd::placeholders::_2[m[Kâ€™ declared here
[3.880s]   226 |     extern const _Placeholder<2> [01;36m[K_2[m[K;
[3.880s]       |                                  [01;36m[K^~[m[K
[3.891s] In file included from [01m[K/home/p3zz/Documents/uni/robot-planning-project/communication/shelfino/src/main.cpp:1[m[K:
[3.891s] [01m[K/home/p3zz/Documents/uni/robot-planning-project/communication/shelfino/include/shelfino/shelfino.hpp:258:97:[m[K [01;31m[Kerror: [m[Kno match for â€˜[01m[Koperator=[m[Kâ€™ (operand types are â€˜[01m[Krclcpp_action::Client<nav2_msgs::action::FollowPath>::ResultCallback[m[Kâ€™ {aka â€˜[01m[Kstd::function<void(const rclcpp_action::ClientGoalHandle<nav2_msgs::action::FollowPath>::WrappedResult&)>[m[Kâ€™} and â€˜[01m[Kstd::_Bind_helper<false, void (FollowPathClient::*)(const nav2_msgs::action::FollowPath_Result_<std::allocator<void> >&), FollowPathClient*, const std::_Placeholder<1>&>::type[m[Kâ€™)
[3.891s]   258 | ons.result_callback = std::bind(&FollowPathClient::result_callback, this, _1[01;31m[K)[m[K;
[3.891s]       |                                                                             [01;31m[K^[m[K
[3.891s] 
[3.891s] In file included from [01m[K/usr/include/c++/11/functional:59[m[K,
[3.891s]                  from [01m[K/home/p3zz/Documents/uni/robot-planning-project/communication/shelfino/include/shelfino/shelfino.hpp:1[m[K,
[3.892s]                  from [01m[K/home/p3zz/Documents/uni/robot-planning-project/communication/shelfino/src/main.cpp:1[m[K:
[3.892s] [01m[K/usr/include/c++/11/bits/std_function.h:530:9:[m[K [01;36m[Knote: [m[Kcandidate: â€˜[01m[Ktemplate<class _Functor> std::function<_Res(_ArgTypes ...)>::_Requires<std::function<_Res(_ArgTypes ...)>::_Callable<_Functor>, std::function<_Res(_ArgTypes ...)>&> std::function<_Res(_ArgTypes ...)>::operator=(_Functor&&) [with _Functor = _Functor; _Res = void; _ArgTypes = {const rclcpp_action::ClientGoalHandle<nav2_msgs::action::FollowPath>::WrappedResult&}][m[Kâ€™
[3.892s]   530 |         [01;36m[Koperator[m[K=(_Functor&& __f)
[3.892s]       |         [01;36m[K^~~~~~~~[m[K
[3.892s] [01m[K/usr/include/c++/11/bits/std_function.h:530:9:[m[K [01;36m[Knote: [m[K  template argument deduction/substitution failed:
[3.892s] In file included from [01m[K/usr/include/c++/11/bits/move.h:57[m[K,
[3.892s]                  from [01m[K/usr/include/c++/11/bits/stl_function.h:60[m[K,
[3.892s]                  from [01m[K/usr/include/c++/11/functional:49[m[K,
[3.892s]                  from [01m[K/home/p3zz/Documents/uni/robot-planning-project/communication/shelfino/include/shelfino/shelfino.hpp:1[m[K,
[3.892s]                  from [01m[K/home/p3zz/Documents/uni/robot-planning-project/communication/shelfino/src/main.cpp:1[m[K:
[3.892s] /usr/include/c++/11/type_traits: In substitution of â€˜[01m[Ktemplate<bool _Cond, class _Tp> using __enable_if_t = typename std::enable_if::type [with bool _Cond = false; _Tp = std::function<void(const rclcpp_action::ClientGoalHandle<nav2_msgs::action::FollowPath>::WrappedResult&)>&][m[Kâ€™:
[3.892s] [01m[K/usr/include/c++/11/bits/std_function.h:353:8:[m[K   required by substitution of â€˜[01m[Ktemplate<class _Res, class ... _ArgTypes> template<class _Cond, class _Tp> using _Requires = std::__enable_if_t<_Cond::value, _Tp> [with _Cond = std::function<void(const rclcpp_action::ClientGoalHandle<nav2_msgs::action::FollowPath>::WrappedResult&)>::_Callable<std::_Bind<void (FollowPathClient::*(FollowPathClient*, std::_Placeholder<1>))(const nav2_msgs::action::FollowPath_Result_<std::allocator<void> >&)>, std::_Bind<void (FollowPathClient::*(FollowPathClient*, std::_Placeholder<1>))(const nav2_msgs::action::FollowPath_Result_<std::allocator<void> >&)>, std::__invoke_result<std::_Bind<void (FollowPathClient::*(FollowPathClient*, std::_Placeholder<1>))(const nav2_msgs::action::FollowPath_Result_<std::allocator<void> >&)>&, const rclcpp_action::ClientGoalHandle<nav2_msgs::action::FollowPath>::WrappedResult&> >; _Tp = std::function<void(const rclcpp_action::ClientGoalHandle<nav2_msgs::action::FollowPath>::WrappedResult&)>&; _Res = void; _ArgTypes = {const rclcpp_action::ClientGoalHandle<nav2_msgs::action::FollowPath>::WrappedResult&}][m[Kâ€™
[3.892s] [01m[K/usr/include/c++/11/bits/std_function.h:530:2:[m[K   required by substitution of â€˜[01m[Ktemplate<class _Functor> std::function<void(const rclcpp_action::ClientGoalHandle<nav2_msgs::action::FollowPath>::WrappedResult&)>::_Requires<std::function<void(const rclcpp_action::ClientGoalHandle<nav2_msgs::action::FollowPath>::WrappedResult&)>::_Callable<_Functor, typename std::enable_if<(! std::is_same<typename std::remove_cv<typename std::remove_reference<_Tp>::type>::type, std::function<void(const rclcpp_action::ClientGoalHandle<nav2_msgs::action::FollowPath>::WrappedResult&)> >::value), std::decay<_Tp> >::type::type, std::__invoke_result<typename std::enable_if<(! std::is_same<typename std::remove_cv<typename std::remove_reference<_Tp>::type>::type, std::function<void(const rclcpp_action::ClientGoalHandle<nav2_msgs::action::FollowPath>::WrappedResult&)> >::value), std::decay<_Tp> >::type::type&, const rclcpp_action::ClientGoalHandle<nav2_msgs::action::FollowPath>::WrappedResult&> >, std::function<void(const rclcpp_action::ClientGoalHandle<nav2_msgs::action::FollowPath>::WrappedResult&)>&> std::function<void(const rclcpp_action::ClientGoalHandle<nav2_msgs::action::FollowPath>::WrappedResult&)>::operator=<_Functor>(_Functor&&) [with _Functor = std::_Bind<void (FollowPathClient::*(FollowPathClient*, std::_Placeholder<1>))(const nav2_msgs::action::FollowPath_Result_<std::allocator<void> >&)>][m[Kâ€™
[3.893s] [01m[K/home/p3zz/Documents/uni/robot-planning-project/communication/shelfino/include/shelfino/shelfino.hpp:258:97:[m[K   required from here
[3.893s] [01m[K/usr/include/c++/11/type_traits:2211:11:[m[K [01;31m[Kerror: [m[Kno type named â€˜[01m[Ktype[m[Kâ€™ in â€˜[01m[Kstruct std::enable_if<false, std::function<void(const rclcpp_action::ClientGoalHandle<nav2_msgs::action::FollowPath>::WrappedResult&)>&>[m[Kâ€™
[3.893s]  2211 |     using [01;31m[K__enable_if_t[m[K = typename enable_if<_Cond, _Tp>::type;
[3.893s]       |           [01;31m[K^~~~~~~~~~~~~[m[K
[3.893s] In file included from [01m[K/usr/include/c++/11/functional:59[m[K,
[3.893s]                  from [01m[K/home/p3zz/Documents/uni/robot-planning-project/communication/shelfino/include/shelfino/shelfino.hpp:1[m[K,
[3.893s]                  from [01m[K/home/p3zz/Documents/uni/robot-planning-project/communication/shelfino/src/main.cpp:1[m[K:
[3.893s] [01m[K/usr/include/c++/11/bits/std_function.h:540:9:[m[K [01;36m[Knote: [m[Kcandidate: â€˜[01m[Ktemplate<class _Functor> std::function<_Res(_ArgTypes ...)>& std::function<_Res(_ArgTypes ...)>::operator=(std::reference_wrapper<_Functor>) [with _Functor = _Functor; _Res = void; _ArgTypes = {const rclcpp_action::ClientGoalHandle<nav2_msgs::action::FollowPath>::WrappedResult&}][m[Kâ€™
[3.893s]   540 |         [01;36m[Koperator[m[K=(reference_wrapper<_Functor> __f) noexcept
[3.893s]       |         [01;36m[K^~~~~~~~[m[K
[3.893s] [01m[K/usr/include/c++/11/bits/std_function.h:540:9:[m[K [01;36m[Knote: [m[K  template argument deduction/substitution failed:
[3.893s] In file included from [01m[K/home/p3zz/Documents/uni/robot-planning-project/communication/shelfino/src/main.cpp:1[m[K:
[3.893s] [01m[K/home/p3zz/Documents/uni/robot-planning-project/communication/shelfino/include/shelfino/shelfino.hpp:258:97:[m[K [01;36m[Knote: [m[K  â€˜[01m[Kstd::_Bind<void (FollowPathClient::*(FollowPathClient*, std::_Placeholder<1>))(const nav2_msgs::action::FollowPath_Result_<std::allocator<void> >&)>[m[Kâ€™ is not derived from â€˜[01m[Kstd::reference_wrapper<_Tp>[m[Kâ€™
[3.894s]   258 | ons.result_callback = std::bind(&FollowPathClient::result_callback, this, _1[01;36m[K)[m[K;
[3.894s]       |                                                                             [01;36m[K^[m[K
[3.894s] 
[3.894s] In file included from [01m[K/usr/include/c++/11/functional:59[m[K,
[3.894s]                  from [01m[K/home/p3zz/Documents/uni/robot-planning-project/communication/shelfino/include/shelfino/shelfino.hpp:1[m[K,
[3.894s]                  from [01m[K/home/p3zz/Documents/uni/robot-planning-project/communication/shelfino/src/main.cpp:1[m[K:
[3.894s] [01m[K/usr/include/c++/11/bits/std_function.h:469:7:[m[K [01;36m[Knote: [m[Kcandidate: â€˜[01m[Kstd::function<_Res(_ArgTypes ...)>& std::function<_Res(_ArgTypes ...)>::operator=(const std::function<_Res(_ArgTypes ...)>&) [with _Res = void; _ArgTypes = {const rclcpp_action::ClientGoalHandle<nav2_msgs::action::FollowPath>::WrappedResult&}][m[Kâ€™
[3.894s]   469 |       [01;36m[Koperator[m[K=(const function& __x)
[3.894s]       |       [01;36m[K^~~~~~~~[m[K
[3.894s] [01m[K/usr/include/c++/11/bits/std_function.h:469:33:[m[K [01;36m[Knote: [m[K  no known conversion for argument 1 from â€˜[01m[Kstd::_Bind_helper<false, void (FollowPathClient::*)(const nav2_msgs::action::FollowPath_Result_<std::allocator<void> >&), FollowPathClient*, const std::_Placeholder<1>&>::type[m[Kâ€™ to â€˜[01m[Kconst std::function<void(const rclcpp_action::ClientGoalHandle<nav2_msgs::action::FollowPath>::WrappedResult&)>&[m[Kâ€™
[3.894s]   469 |       operator=([01;36m[Kconst function& __x[m[K)
[3.894s]       |                 [01;36m[K~~~~~~~~~~~~~~~~^~~[m[K
[3.894s] [01m[K/usr/include/c++/11/bits/std_function.h:487:7:[m[K [01;36m[Knote: [m[Kcandidate: â€˜[01m[Kstd::function<_Res(_ArgTypes ...)>& std::function<_Res(_ArgTypes ...)>::operator=(std::function<_Res(_ArgTypes ...)>&&) [with _Res = void; _ArgTypes = {const rclcpp_action::ClientGoalHandle<nav2_msgs::action::FollowPath>::WrappedResult&}][m[Kâ€™
[3.895s]   487 |       [01;36m[Koperator[m[K=(function&& __x) noexcept
[3.895s]       |       [01;36m[K^~~~~~~~[m[K
[3.895s] [01m[K/usr/include/c++/11/bits/std_function.h:487:28:[m[K [01;36m[Knote: [m[K  no known conversion for argument 1 from â€˜[01m[Kstd::_Bind_helper<false, void (FollowPathClient::*)(const nav2_msgs::action::FollowPath_Result_<std::allocator<void> >&), FollowPathClient*, const std::_Placeholder<1>&>::type[m[Kâ€™ to â€˜[01m[Kstd::function<void(const rclcpp_action::ClientGoalHandle<nav2_msgs::action::FollowPath>::WrappedResult&)>&&[m[Kâ€™
[3.895s]   487 |       operator=([01;36m[Kfunction&& __x[m[K) noexcept
[3.895s]       |                 [01;36m[K~~~~~~~~~~~^~~[m[K
[3.895s] [01m[K/usr/include/c++/11/bits/std_function.h:501:7:[m[K [01;36m[Knote: [m[Kcandidate: â€˜[01m[Kstd::function<_Res(_ArgTypes ...)>& std::function<_Res(_ArgTypes ...)>::operator=(std::nullptr_t) [with _Res = void; _ArgTypes = {const rclcpp_action::ClientGoalHandle<nav2_msgs::action::FollowPath>::WrappedResult&}; std::nullptr_t = std::nullptr_t][m[Kâ€™
[3.895s]   501 |       [01;36m[Koperator[m[K=(nullptr_t) noexcept
[3.895s]       |       [01;36m[K^~~~~~~~[m[K
[3.895s] [01m[K/usr/include/c++/11/bits/std_function.h:501:17:[m[K [01;36m[Knote: [m[K  no known conversion for argument 1 from â€˜[01m[Kstd::_Bind_helper<false, void (FollowPathClient::*)(const nav2_msgs::action::FollowPath_Result_<std::allocator<void> >&), FollowPathClient*, const std::_Placeholder<1>&>::type[m[Kâ€™ to â€˜[01m[Kstd::nullptr_t[m[Kâ€™
[3.895s]   501 |       operator=([01;36m[Knullptr_t[m[K) noexcept
[3.895s]       |                 [01;36m[K^~~~~~~~~[m[K
[3.902s] In file included from [01m[K/home/p3zz/Documents/uni/robot-planning-project/communication/shelfino/src/main.cpp:1[m[K:
[3.902s] [01m[K/home/p3zz/Documents/uni/robot-planning-project/communication/shelfino/include/shelfino/shelfino.hpp:[m[K In member function â€˜[01m[Kvoid FollowPathClient::result_callback(const Result&)[m[Kâ€™:
[3.902s] [01m[K/home/p3zz/Documents/uni/robot-planning-project/communication/shelfino/include/shelfino/shelfino.hpp:272:20:[m[K [01;31m[Kerror: [m[Kâ€˜[01m[Kconst Result[m[Kâ€™ {aka â€˜[01m[Kconst struct nav2_msgs::action::FollowPath_Result_<std::allocator<void> >[m[Kâ€™} has no member named â€˜[01m[Kcode[m[Kâ€™
[3.902s]   272 |     switch (result.[01;31m[Kcode[m[K) {
[3.902s]       |                    [01;31m[K^~~~[m[K
[10.039s] gmake[2]: *** [CMakeFiles/shelfino.dir/build.make:76: CMakeFiles/shelfino.dir/src/main.cpp.o] Error 1
[10.039s] gmake[1]: *** [CMakeFiles/Makefile2:137: CMakeFiles/shelfino.dir/all] Error 2
[10.039s] gmake: *** [Makefile:146: all] Error 2
[10.042s] Invoked command in '/home/p3zz/Documents/uni/robot-planning-project/build/shelfino' returned '2': CMAKE_PREFIX_PATH=/home/p3zz/Documents/uni/robot-planning-project/install/shapes:/home/p3zz/Documents/uni/robot-planning-project/install/custom_msgs:/home/p3zz/Documents/uni/robot-planning-project/install/shelfino:/home/p3zz/Documents/uni/robot-planning-project/install/decisions:/home/p3zz/Documents/uni/robot-planning-project/install/map:/home/p3zz/Documents/uni/robot-planning-project/install/dubins:/home/p3zz/Documents/uni/robot-planning-project/install/utils:/opt/ros/humble /usr/bin/cmake --build /home/p3zz/Documents/uni/robot-planning-project/build/shelfino -- -j8 -l8
