<?xml version="1.0" encoding="UTF-8"?>
<testsuite name="shapes" tests="1" failures="0" time="0.002" errors="1" skipped="0">
  <testcase classname="shapes" name="test_shapes.gtest.missing_result" time="0.002">
    <error message="The test did not generate a result file:&#10;&#10;[==========] Running 35 tests from 3 test suites.&#10;[----------] Global test environment set-up.&#10;[----------] 9 tests from Segment&#10;[ RUN      ] Segment.IntersectIncident&#10;[       OK ] Segment.IntersectIncident (0 ms)&#10;[ RUN      ] Segment.IntersectNotIncident&#10;[       OK ] Segment.IntersectNotIncident (0 ms)&#10;[ RUN      ] Segment.IntersectParallel&#10;[       OK ] Segment.IntersectParallel (0 ms)&#10;[ RUN      ] Segment.IntersectParallel2&#10;[       OK ] Segment.IntersectParallel2 (0 ms)&#10;[ RUN      ] Segment.IntersectOverlap&#10;[       OK ] Segment.IntersectOverlap (0 ms)&#10;[ RUN      ] Segment.Contains&#10;[       OK ] Segment.Contains (0 ms)&#10;[ RUN      ] Segment.ContainsEnd&#10;[       OK ] Segment.ContainsEnd (0 ms)&#10;[ RUN      ] Segment.ContainsOutsideSameLine&#10;[       OK ] Segment.ContainsOutsideSameLine (0 ms)&#10;[ RUN      ] Segment.ContainsOutsideDifferentLine&#10;[       OK ] Segment.ContainsOutsideDifferentLine (0 ms)&#10;[----------] 9 tests from Segment (0 ms total)&#10;&#10;[----------] 18 tests from Circle&#10;[ RUN      ] Circle.Contains1&#10;[       OK ] Circle.Contains1 (0 ms)&#10;[ RUN      ] Circle.Contains2&#10;[       OK ] Circle.Contains2 (0 ms)&#10;[ RUN      ] Circle.ContainsInside&#10;[       OK ] Circle.ContainsInside (0 ms)&#10;[ RUN      ] Circle.ContainsOutside&#10;[       OK ] Circle.ContainsOutside (0 ms)&#10;[ RUN      ] Circle.GetAngle1&#10;[       OK ] Circle.GetAngle1 (0 ms)&#10;[ RUN      ] Circle.GetAngle2&#10;[       OK ] Circle.GetAngle2 (0 ms)&#10;[ RUN      ] Circle.IntersectOnceTangentInBounds&#10;[       OK ] Circle.IntersectOnceTangentInBounds (0 ms)&#10;[ RUN      ] Circle.IntersectOnceTangentInBounds2&#10;[       OK ] Circle.IntersectOnceTangentInBounds2 (0 ms)&#10;[ RUN      ] Circle.IntersectOnceTangentOutBounds1&#10;[       OK ] Circle.IntersectOnceTangentOutBounds1 (0 ms)&#10;[ RUN      ] Circle.IntersectOnceTangentOutBounds2&#10;[       OK ] Circle.IntersectOnceTangentOutBounds2 (0 ms)&#10;[ RUN      ] Circle.IntersectOnce1&#10;[       OK ] Circle.IntersectOnce1 (0 ms)&#10;[ RUN      ] Circle.IntersectOnce2&#10;[       OK ] Circle.IntersectOnce2 (0 ms)&#10;[ RUN      ] Circle.IntersectTwiceOutBounds1&#10;[       OK ] Circle.IntersectTwiceOutBounds1 (0 ms)&#10;[ RUN      ] Circle.IntersectTwiceInBounds1&#10;[       OK ] Circle.IntersectTwiceInBounds1 (0 ms)&#10;[ RUN      ] Circle.IntersectOutside1&#10;[       OK ] Circle.IntersectOutside1 (0 ms)&#10;[ RUN      ] Circle.GetCircle1&#10;[       OK ] Circle.GetCircle1 (0 ms)&#10;[ RUN      ] Circle.GetCircle2&#10;[       OK ] Circle.GetCircle2 (0 ms)&#10;[ RUN      ] Circle.GetCircle3&#10;[       OK ] Circle.GetCircle3 (0 ms)&#10;[----------] 18 tests from Circle (0 ms total)&#10;&#10;[----------] 8 tests from Polygon&#10;[ RUN      ] Polygon.IntersectSegment1&#10;[       OK ] Polygon.IntersectSegment1 (0 ms)&#10;[ RUN      ] Polygon.IntersectSegment2&#10;[       OK ] Polygon.IntersectSegment2 (0 ms)&#10;[ RUN      ] Polygon.IntersectSegment3&#10;[       OK ] Polygon.IntersectSegment3 (0 ms)&#10;[ RUN      ] Polygon.ContainsPointInside1&#10;[       OK ] Polygon.ContainsPointInside1 (0 ms)&#10;[ RUN      ] Polygon.ContainsPointOutside1&#10;[       OK ] Polygon.ContainsPointOutside1 (0 ms)&#10;[ RUN      ] Polygon.ContainsPointOutside2&#10;[       OK ] Polygon.ContainsPointOutside2 (0 ms)&#10;[ RUN      ] Polygon.ContainsPointBelongsTo&#10;[       OK ] Polygon.ContainsPointBelongsTo (0 ms)&#10;[ RUN      ] Polygon.ContainsPointVertex&#10;[       OK ] Polygon.ContainsPointVertex (0 ms)&#10;[----------] 8 tests from Polygon (0 ms total)&#10;&#10;[----------] Global test environment tear-down&#10;[==========] 35 tests from 3 test suites ran. (0 ms total)&#10;[  PASSED  ] 35 tests.&#10;"/>
  </testcase>
</testsuite>
