[0.054s] Invoking command in '/root/ros2_ws/src/robot-planning-project/build/decisions': CMAKE_PREFIX_PATH=${CMAKE_PREFIX_PATH}:/opt/ros/humble /usr/bin/cmake /root/ros2_ws/src/robot-planning-project/decisions -DCMAKE_INSTALL_PREFIX=/root/ros2_ws/src/robot-planning-project/install/decisions
[0.201s] -- The C compiler identification is GNU 11.3.0
[0.281s] -- The CXX compiler identification is GNU 11.3.0
[0.295s] -- Detecting C compiler ABI info
[0.411s] -- Detecting C compiler ABI info - done
[0.444s] -- Check for working C compiler: /usr/bin/cc - skipped
[0.444s] -- Detecting C compile features
[0.444s] -- Detecting C compile features - done
[0.454s] -- Detecting CXX compiler ABI info
[0.614s] -- Detecting CXX compiler ABI info - done
[0.641s] -- Check for working CXX compiler: /usr/bin/c++ - skipped
[0.642s] -- Detecting CXX compile features
[0.643s] -- Detecting CXX compile features - done
[0.648s] -- Found ament_cmake: 1.3.3 (/opt/ros/humble/share/ament_cmake/cmake)
[0.910s] -- Found Python3: /usr/bin/python3.10 (found version "3.10.6") found components: Interpreter 
[1.209s] -- Found utils: 0.0.0 (/root/ros2_ws/install/utils/share/utils/cmake)
[1.212s] -- Found map: 0.0.0 (/root/ros2_ws/install/map/share/map/cmake)
[1.217s] -- Found dubins: 0.0.0 (/root/ros2_ws/install/dubins/share/dubins/cmake)
[1.219s] -- Found shapes: 0.0.0 (/root/ros2_ws/install/shapes/share/shapes/cmake)
[1.236s] -- Found ament_lint_auto: 0.12.4 (/opt/ros/humble/share/ament_lint_auto/cmake)
[1.447s] -- Added test 'cppcheck' to perform static code analysis on C / C++ code
[1.447s] -- Configured cppcheck include dirs: /root/ros2_ws/src/robot-planning-project/decisions/include
[1.448s] -- Configured cppcheck exclude dirs and/or files: 
[1.450s] -- Added test 'lint_cmake' to check CMake code style
[1.452s] -- Added test 'uncrustify' to check C / C++ code style
[1.453s] -- Configured uncrustify additional arguments: 
[1.456s] -- Added test 'xmllint' to check XML markup files
[1.465s] -- Configuring done
[1.494s] -- Generating done
[1.500s] -- Build files have been written to: /root/ros2_ws/src/robot-planning-project/build/decisions
[1.505s] Invoked command in '/root/ros2_ws/src/robot-planning-project/build/decisions' returned '0': CMAKE_PREFIX_PATH=${CMAKE_PREFIX_PATH}:/opt/ros/humble /usr/bin/cmake /root/ros2_ws/src/robot-planning-project/decisions -DCMAKE_INSTALL_PREFIX=/root/ros2_ws/src/robot-planning-project/install/decisions
[1.507s] Invoking command in '/root/ros2_ws/src/robot-planning-project/build/decisions': CMAKE_PREFIX_PATH=${CMAKE_PREFIX_PATH}:/opt/ros/humble /usr/bin/cmake --build /root/ros2_ws/src/robot-planning-project/build/decisions -- -j6 -l6
[1.841s] [ 50%] [32mBuilding CXX object CMakeFiles/decisions.dir/src/decisions.cpp.o[0m
[3.191s] gmake[2]: *** wait: No child processes.  Stop.
[3.192s] gmake[2]: *** Waiting for unfinished jobs....
[3.197s] gmake[2]: *** wait: No child processes.  Stop.
[3.197s] gmake[1]: *** [CMakeFiles/Makefile2:137: CMakeFiles/decisions.dir/all] Error 2
[3.200s] gmake: *** [Makefile:146: all] Interrupt
[3.277s] Invoked command in '/root/ros2_ws/src/robot-planning-project/build/decisions' returned '-2': CMAKE_PREFIX_PATH=${CMAKE_PREFIX_PATH}:/opt/ros/humble /usr/bin/cmake --build /root/ros2_ws/src/robot-planning-project/build/decisions -- -j6 -l6
