[33mCMake Warning at CMakeLists.txt:18 (find_package):
  By not providing "Findnav2.cmake" in CMAKE_MODULE_PATH this project has
  asked CMake to find a package configuration file provided by "nav2", but
  CMake did not find one.

  Could not find a package configuration file provided by "nav2" with any of
  the following names:

    nav2Config.cmake
    nav2-config.cmake

  Add the installation prefix of "nav2" to CMAKE_PREFIX_PATH or set
  "nav2_DIR" to a directory containing one of the above files.  If "nav2"
  provides a separate development package or SDK, be sure it has been
  installed.

[0m
In file included from [01m[K/home/p3zz/Documents/uni/robot-planning-project/communication/shelfino/src/main.cpp:1[m[K:
[01m[K/home/p3zz/Documents/uni/robot-planning-project/communication/shelfino/include/shelfino/shelfino.hpp:17:10:[m[K [01;31m[Kfatal error: [m[Knav2_msgs/action/follow_path.hpp: No such file or directory
   17 | #include [01;31m[K"nav2_msgs/action/follow_path.hpp"[m[K
      |          [01;31m[K^~~~~~~~~~~~~~~~~~~~~~~~~~~~~~~~~~[m[K
compilation terminated.
gmake[2]: *** [CMakeFiles/shelfino.dir/build.make:76: CMakeFiles/shelfino.dir/src/main.cpp.o] Error 1
gmake[1]: *** [CMakeFiles/Makefile2:137: CMakeFiles/shelfino.dir/all] Error 2
gmake: *** [Makefile:146: all] Error 2
