[0.022s] Invoking command in '/home/p3zz/Documents/uni/robot-planning-project/build/shelfino': CMAKE_PREFIX_PATH=/home/p3zz/Documents/uni/robot-planning-project/install/shapes:/home/p3zz/Documents/uni/robot-planning-project/install/custom_msgs:/home/p3zz/Documents/uni/robot-planning-project/install/decisions:/home/p3zz/Documents/uni/robot-planning-project/install/map:/home/p3zz/Documents/uni/robot-planning-project/install/dubins:/home/p3zz/Documents/uni/robot-planning-project/install/utils:/opt/ros/humble /usr/bin/cmake --build /home/p3zz/Documents/uni/robot-planning-project/build/shelfino -- -j8 -l8
[0.072s] [35m[1mConsolidate compiler generated dependencies of target shelfino[0m
[0.101s] [ 50%] [32mBuilding CXX object CMakeFiles/shelfino.dir/src/main.cpp.o[0m
[4.431s] In file included from [01m[K/home/p3zz/Documents/uni/robot-planning-project/communication/shelfino/src/main.cpp:1[m[K:
[4.431s] [01m[K/home/p3zz/Documents/uni/robot-planning-project/communication/shelfino/include/shelfino/shelfino.hpp:[m[K In constructor â€˜[01m[KEvaderPoseSubscriber::EvaderPoseSubscriber(SafeValue<DubinPoint>&)[m[Kâ€™:
[4.431s] [01m[K/home/p3zz/Documents/uni/robot-planning-project/communication/shelfino/include/shelfino/shelfino.hpp:243:80:[m[K [01;31m[Kerror: [m[Kclass â€˜[01m[KEvaderPoseSubscriber[m[Kâ€™ does not have any field named â€˜[01m[Kpose[m[Kâ€™
[4.431s]   243 |       EvaderPoseSubscriber(SafeValue<DubinPoint>& pose) : Node("evader_pose"), [01;31m[Kpose[m[K{pose} {
[4.431s]       |                                                                                [01;31m[K^~~~[m[K
[4.431s] [01m[K/home/p3zz/Documents/uni/robot-planning-project/communication/shelfino/include/shelfino/shelfino.hpp:243:7:[m[K [01;31m[Kerror: [m[Kuninitialized reference member in â€˜[01m[Kclass SafeValue<DubinPoint>&[m[Kâ€™ [[01;31m[K]8;;https://gcc.gnu.org/onlinedocs/gcc/Warning-Options.html#index-fpermissive-fpermissive]8;;[m[K]
[4.432s]   243 |       [01;31m[KEvaderPoseSubscriber[m[K(SafeValue<DubinPoint>& pose) : Node("evader_pose"), pose{pose} {
[4.432s]       |       [01;31m[K^~~~~~~~~~~~~~~~~~~~[m[K
[4.432s] In file included from [01m[K/home/p3zz/Documents/uni/robot-planning-project/communication/shelfino/src/main.cpp:1[m[K:
[4.432s] [01m[K/home/p3zz/Documents/uni/robot-planning-project/communication/shelfino/include/shelfino/shelfino.hpp:257:30:[m[K [01;36m[Knote: [m[Kâ€˜[01m[KSafeValue<DubinPoint>& EvaderPoseSubscriber::evader_pose[m[Kâ€™ should be initialized
[4.432s]   257 |       SafeValue<DubinPoint>& [01;36m[Kevader_pose[m[K;
[4.432s]       |                              [01;36m[K^~~~~~~~~~~[m[K
[4.438s] [01m[K/home/p3zz/Documents/uni/robot-planning-project/communication/shelfino/include/shelfino/shelfino.hpp:[m[K In constructor â€˜[01m[KPursuerPoseSubscriber::PursuerPoseSubscriber(SafeValue<DubinPoint>&)[m[Kâ€™:
[4.438s] [01m[K/home/p3zz/Documents/uni/robot-planning-project/communication/shelfino/include/shelfino/shelfino.hpp:262:81:[m[K [01;31m[Kerror: [m[Kclass â€˜[01m[KPursuerPoseSubscriber[m[Kâ€™ does not have any field named â€˜[01m[Kpose[m[Kâ€™
[4.439s]   262 |       PursuerPoseSubscriber(SafeValue<DubinPoint>& pose) : Node("evader_pose"), [01;31m[Kpose[m[K{pose} {
[4.439s]       |                                                                                 [01;31m[K^~~~[m[K
[4.439s] [01m[K/home/p3zz/Documents/uni/robot-planning-project/communication/shelfino/include/shelfino/shelfino.hpp:262:7:[m[K [01;31m[Kerror: [m[Kuninitialized reference member in â€˜[01m[Kclass SafeValue<DubinPoint>&[m[Kâ€™ [[01;31m[K]8;;https://gcc.gnu.org/onlinedocs/gcc/Warning-Options.html#index-fpermissive-fpermissive]8;;[m[K]
[4.439s]   262 |       [01;31m[KPursuerPoseSubscriber[m[K(SafeValue<DubinPoint>& pose) : Node("evader_pose"), pose{pose} {
[4.439s]       |       [01;31m[K^~~~~~~~~~~~~~~~~~~~~[m[K
[4.439s] [01m[K/home/p3zz/Documents/uni/robot-planning-project/communication/shelfino/include/shelfino/shelfino.hpp:276:30:[m[K [01;36m[Knote: [m[Kâ€˜[01m[KSafeValue<DubinPoint>& PursuerPoseSubscriber::pursuer_pose[m[Kâ€™ should be initialized
[4.439s]   276 |       SafeValue<DubinPoint>& [01;36m[Kpursuer_pose[m[K;
[4.440s]       |                              [01;36m[K^~~~~~~~~~~~[m[K
[4.476s] [01m[K/home/p3zz/Documents/uni/robot-planning-project/communication/shelfino/include/shelfino/shelfino.hpp:[m[K In constructor â€˜[01m[KRoadmapPublisher::RoadmapPublisher(SafeValue<RoadMap>&)[m[Kâ€™:
[4.477s] [01m[K/home/p3zz/Documents/uni/robot-planning-project/communication/shelfino/include/shelfino/shelfino.hpp:320:79:[m[K [01;31m[Kerror: [m[Kclass â€˜[01m[KRoadmapPublisher[m[Kâ€™ does not have any field named â€˜[01m[Kroadmap[m[Kâ€™
[4.477s]   320 |     RoadmapPublisher(SafeValue<RoadMap>& roadmap): Node("roadmap_publisher"), [01;31m[Kroadmap[m[K{roadmap}, count_(0) {
[4.477s]       |                                                                               [01;31m[K^~~~~~~[m[K
[4.721s] In file included from [01m[K/home/p3zz/Documents/uni/robot-planning-project/communication/shelfino/src/main.cpp:1[m[K:
[4.721s] /home/p3zz/Documents/uni/robot-planning-project/communication/shelfino/include/shelfino/shelfino.hpp: In instantiation of â€˜[01m[KSafeValue<T>::SafeValue() [with T = RoadMap][m[Kâ€™:
[4.721s] [01m[K/home/p3zz/Documents/uni/robot-planning-project/communication/shelfino/include/shelfino/shelfino.hpp:157:22:[m[K   required from here
[4.721s] [01m[K/home/p3zz/Documents/uni/robot-planning-project/communication/shelfino/include/shelfino/shelfino.hpp:137:20:[m[K [01;31m[Kerror: [m[Kno matching function for call to â€˜[01m[KRoadMap::RoadMap()[m[Kâ€™
[4.721s]   137 |         SafeValue()[01;31m[K{[m[K}
[4.722s]       |                    [01;31m[K^[m[K
[4.722s] In file included from [01m[K/home/p3zz/Documents/uni/robot-planning-project/communication/shelfino/include/shelfino/shelfino.hpp:28[m[K,
[4.722s]                  from [01m[K/home/p3zz/Documents/uni/robot-planning-project/communication/shelfino/src/main.cpp:1[m[K:
[4.722s] [01m[K/home/p3zz/Documents/uni/robot-planning-project/install/map/include/map/map.hpp:74:9:[m[K [01;36m[Knote: [m[Kcandidate: â€˜[01m[KRoadMap::RoadMap(Room)[m[Kâ€™
[4.722s]    74 |         [01;36m[KRoadMap[m[K(Room r):r{r}{}
[4.722s]       |         [01;36m[K^~~~~~~[m[K
[4.722s] [01m[K/home/p3zz/Documents/uni/robot-planning-project/install/map/include/map/map.hpp:74:9:[m[K [01;36m[Knote: [m[K  candidate expects 1 argument, 0 provided
[4.723s] [01m[K/home/p3zz/Documents/uni/robot-planning-project/install/map/include/map/map.hpp:66:7:[m[K [01;36m[Knote: [m[Kcandidate: â€˜[01m[KRoadMap::RoadMap(const RoadMap&)[m[Kâ€™
[4.723s]    66 | class [01;36m[KRoadMap[m[K
[4.723s]       |       [01;36m[K^~~~~~~[m[K
[4.723s] [01m[K/home/p3zz/Documents/uni/robot-planning-project/install/map/include/map/map.hpp:66:7:[m[K [01;36m[Knote: [m[K  candidate expects 1 argument, 0 provided
[4.723s] [01m[K/home/p3zz/Documents/uni/robot-planning-project/install/map/include/map/map.hpp:66:7:[m[K [01;36m[Knote: [m[Kcandidate: â€˜[01m[KRoadMap::RoadMap(RoadMap&&)[m[Kâ€™
[4.723s] [01m[K/home/p3zz/Documents/uni/robot-planning-project/install/map/include/map/map.hpp:66:7:[m[K [01;36m[Knote: [m[K  candidate expects 1 argument, 0 provided
[7.044s] In file included from [01m[K/usr/include/x86_64-linux-gnu/c++/11/bits/c++allocator.h:33[m[K,
[7.044s]                  from [01m[K/usr/include/c++/11/bits/allocator.h:46[m[K,
[7.045s]                  from [01m[K/usr/include/c++/11/unordered_map:40[m[K,
[7.045s]                  from [01m[K/usr/include/c++/11/functional:61[m[K,
[7.045s]                  from [01m[K/home/p3zz/Documents/uni/robot-planning-project/communication/shelfino/include/shelfino/shelfino.hpp:1[m[K,
[7.045s]                  from [01m[K/home/p3zz/Documents/uni/robot-planning-project/communication/shelfino/src/main.cpp:1[m[K:
[7.045s] /usr/include/c++/11/ext/new_allocator.h: In instantiation of â€˜[01m[Kvoid __gnu_cxx::new_allocator<_Tp>::construct(_Up*, _Args&& ...) [with _Up = FollowPathClient; _Args = {SafeValue<RoadMap>&}; _Tp = FollowPathClient][m[Kâ€™:
[7.045s] [01m[K/usr/include/c++/11/bits/alloc_traits.h:516:17:[m[K   required from â€˜[01m[Kstatic void std::allocator_traits<std::allocator<_Tp1> >::construct(std::allocator_traits<std::allocator<_Tp1> >::allocator_type&, _Up*, _Args&& ...) [with _Up = FollowPathClient; _Args = {SafeValue<RoadMap>&}; _Tp = FollowPathClient; std::allocator_traits<std::allocator<_Tp1> >::allocator_type = std::allocator<FollowPathClient>][m[Kâ€™
[7.045s] [01m[K/usr/include/c++/11/bits/shared_ptr_base.h:519:39:[m[K   required from â€˜[01m[Kstd::_Sp_counted_ptr_inplace<_Tp, _Alloc, _Lp>::_Sp_counted_ptr_inplace(_Alloc, _Args&& ...) [with _Args = {SafeValue<RoadMap>&}; _Tp = FollowPathClient; _Alloc = std::allocator<FollowPathClient>; __gnu_cxx::_Lock_policy _Lp = __gnu_cxx::_S_atomic][m[Kâ€™
[7.045s] [01m[K/usr/include/c++/11/bits/shared_ptr_base.h:650:16:[m[K   required from â€˜[01m[Kstd::__shared_count<_Lp>::__shared_count(_Tp*&, std::_Sp_alloc_shared_tag<_Alloc>, _Args&& ...) [with _Tp = FollowPathClient; _Alloc = std::allocator<FollowPathClient>; _Args = {SafeValue<RoadMap>&}; __gnu_cxx::_Lock_policy _Lp = __gnu_cxx::_S_atomic][m[Kâ€™
[7.045s] [01m[K/usr/include/c++/11/bits/shared_ptr_base.h:1342:14:[m[K   required from â€˜[01m[Kstd::__shared_ptr<_Tp, _Lp>::__shared_ptr(std::_Sp_alloc_shared_tag<_Tp>, _Args&& ...) [with _Alloc = std::allocator<FollowPathClient>; _Args = {SafeValue<RoadMap>&}; _Tp = FollowPathClient; __gnu_cxx::_Lock_policy _Lp = __gnu_cxx::_S_atomic][m[Kâ€™
[7.045s] [01m[K/usr/include/c++/11/bits/shared_ptr.h:409:59:[m[K   required from â€˜[01m[Kstd::shared_ptr<_Tp>::shared_ptr(std::_Sp_alloc_shared_tag<_Tp>, _Args&& ...) [with _Alloc = std::allocator<FollowPathClient>; _Args = {SafeValue<RoadMap>&}; _Tp = FollowPathClient][m[Kâ€™
[7.045s] [01m[K/usr/include/c++/11/bits/shared_ptr.h:862:14:[m[K   required from â€˜[01m[Kstd::shared_ptr<_Tp> std::allocate_shared(const _Alloc&, _Args&& ...) [with _Tp = FollowPathClient; _Alloc = std::allocator<FollowPathClient>; _Args = {SafeValue<RoadMap>&}][m[Kâ€™
[7.046s] [01m[K/usr/include/c++/11/bits/shared_ptr.h:878:39:[m[K   required from â€˜[01m[Kstd::shared_ptr<_Tp> std::make_shared(_Args&& ...) [with _Tp = FollowPathClient; _Args = {SafeValue<RoadMap>&}][m[Kâ€™
[7.046s] [01m[K/home/p3zz/Documents/uni/robot-planning-project/communication/shelfino/src/main.cpp:29:65:[m[K   required from here
[7.046s] [01m[K/usr/include/c++/11/ext/new_allocator.h:162:11:[m[K [01;31m[Kerror: [m[Kno matching function for call to â€˜[01m[KFollowPathClient::FollowPathClient(SafeValue<RoadMap>&)[m[Kâ€™
[7.046s]   162 |         { [01;31m[K::new((void *)__p) _Up(std::forward<_Args>(__args)...)[m[K; }
[7.046s]       |           [01;31m[K^~~~~~~~~~~~~~~~~~~~~~~~~~~~~~~~~~~~~~~~~~~~~~~~~~~~~~[m[K
[7.046s] In file included from [01m[K/home/p3zz/Documents/uni/robot-planning-project/communication/shelfino/src/main.cpp:1[m[K:
[7.046s] [01m[K/home/p3zz/Documents/uni/robot-planning-project/communication/shelfino/include/shelfino/shelfino.hpp:339:5:[m[K [01;36m[Knote: [m[Kcandidate: â€˜[01m[KFollowPathClient::FollowPathClient(SafeValue<DubinCurve>&)[m[Kâ€™
[7.046s]   339 |     [01;36m[KFollowPathClient[m[K(SafeValue<DubinCurve>& curve) : Node("follow_path_client"), curve{curve} {
[7.046s]       |     [01;36m[K^~~~~~~~~~~~~~~~[m[K
[7.046s] [01m[K/home/p3zz/Documents/uni/robot-planning-project/communication/shelfino/include/shelfino/shelfino.hpp:339:45:[m[K [01;36m[Knote: [m[K  no known conversion for argument 1 from â€˜[01m[KSafeValue<RoadMap>[m[Kâ€™ to â€˜[01m[KSafeValue<DubinCurve>&[m[Kâ€™
[7.047s]   339 |     FollowPathClient([01;36m[KSafeValue<DubinCurve>& curve[m[K) : Node("follow_path_client"), curve{curve} {
[7.047s]       |                      [01;36m[K~~~~~~~~~~~~~~~~~~~~~~~^~~~~[m[K
[12.025s] gmake[2]: *** [CMakeFiles/shelfino.dir/build.make:76: CMakeFiles/shelfino.dir/src/main.cpp.o] Error 1
[12.025s] gmake[1]: *** [CMakeFiles/Makefile2:137: CMakeFiles/shelfino.dir/all] Error 2
[12.025s] gmake: *** [Makefile:146: all] Error 2
[12.029s] Invoked command in '/home/p3zz/Documents/uni/robot-planning-project/build/shelfino' returned '2': CMAKE_PREFIX_PATH=/home/p3zz/Documents/uni/robot-planning-project/install/shapes:/home/p3zz/Documents/uni/robot-planning-project/install/custom_msgs:/home/p3zz/Documents/uni/robot-planning-project/install/decisions:/home/p3zz/Documents/uni/robot-planning-project/install/map:/home/p3zz/Documents/uni/robot-planning-project/install/dubins:/home/p3zz/Documents/uni/robot-planning-project/install/utils:/opt/ros/humble /usr/bin/cmake --build /home/p3zz/Documents/uni/robot-planning-project/build/shelfino -- -j8 -l8
